<?xml version="1.0" encoding="utf-8"?><testsuites name="pytest tests"><testsuite name="pytest" errors="0" failures="0" skipped="0" tests="8" time="23.778" timestamp="2026-04-20T10:44:32.802019+00:00" hostname="agent-env-050f3428-00a6-4860-9662-ccc57f00282d"><testcase classname="backend.tests.test_impersonation_and_platform.TestPlatformMigration" name="test_move_to_platform_idempotent" time="5.014" /><testcase classname="backend.tests.test_impersonation_and_platform.TestPlatformMigration" name="test_platform_institution_has_correct_plan" time="4.611" /><testcase classname="backend.tests.test_impersonation_and_platform.TestPlatformMigration" name="test_auth_me_after_migration_points_to_platform" time="4.643" /><testcase classname="backend.tests.test_impersonation_and_platform.TestDeleteInstitutionUnblocked" name="test_wrong_confirmation_name_returns_name_mismatch_not_own_institution" time="0.462" /><testcase classname="backend.tests.test_impersonation_and_platform.TestImpersonationStartValidation" name="test_non_existent_user_returns_404" time="0.449" /><testcase classname="backend.tests.test_impersonation_and_platform.TestImpersonationStartValidation" name="test_cannot_impersonate_other_superadmin" time="0.912" /><testcase classname="backend.tests.test_impersonation_and_platform.TestImpersonationFullCycle" name="test_full_impersonation_cycle" time="7.504" /><testcase classname="backend.tests.test_impersonation_and_platform.TestImpersonationFullCycle" name="test_stop_without_impersonation_returns_400" time="0.107" /></testsuite></testsuites>