<?xml version="1.0" encoding="utf-8"?><testsuites name="pytest tests"><testsuite name="pytest" errors="0" failures="0" skipped="0" tests="7" time="4.360" timestamp="2026-04-26T20:53:09.982113+00:00" hostname="agent-env-12fadf00-41d3-483e-8a4e-57dbce1179a1"><testcase classname="backend.tests.test_my_profile_and_naslech_removal.TestLecturerProfileSelfEdit" name="test_self_edit_preferred_age_groups" time="2.596" /><testcase classname="backend.tests.test_my_profile_and_naslech_removal.TestLecturerProfileSelfEdit" name="test_self_edit_programs" time="0.568" /><testcase classname="backend.tests.test_my_profile_and_naslech_removal.TestLecturerProfileSelfEdit" name="test_admin_can_edit_admin_note" time="0.558" /><testcase classname="backend.tests.test_my_profile_and_naslech_removal.TestLecturerProfileSelfEdit" name="test_reject_empty_payload" time="0.451" /><testcase classname="backend.tests.test_my_profile_and_naslech_removal.TestNaslechRemoval" name="test_lecturer_mode_endpoint_gone" time="0.024" /><testcase classname="backend.tests.test_my_profile_and_naslech_removal.TestNaslechRemoval" name="test_observers_list_endpoint_gone" time="0.024" /><testcase classname="backend.tests.test_my_profile_and_naslech_removal.TestNaslechRemoval" name="test_observers_post_endpoint_gone" time="0.024" /></testsuite></testsuites>