<?xml version="1.0" encoding="utf-8"?><testsuites name="pytest tests"><testsuite name="pytest" errors="0" failures="0" skipped="0" tests="12" time="45.746" timestamp="2026-04-22T15:38:13.640188+00:00" hostname="agent-env-050f3428-00a6-4860-9662-ccc57f00282d"><testcase classname="tests.test_lecturer_auto_assign.TestTeamLecturerMode" name="test_get_team_returns_lecturer_mode" time="3.749" /><testcase classname="tests.test_lecturer_auto_assign.TestTeamLecturerMode" name="test_patch_lecturer_mode_admin_ok" time="1.771" /><testcase classname="tests.test_lecturer_auto_assign.TestTeamLecturerMode" name="test_patch_lecturer_mode_invalid_value" time="0.451" /><testcase classname="tests.test_lecturer_auto_assign.TestTeamLecturerMode" name="test_patch_lecturer_mode_non_admin_forbidden" time="1.393" /><testcase classname="tests.test_lecturer_auto_assign.TestPublicBookingAutoAssign" name="test_default_program_lecturer_picked" time="5.633" /><testcase classname="tests.test_lecturer_auto_assign.TestPublicBookingAutoAssign" name="test_409_when_all_candidates_training" time="3.532" /><testcase classname="tests.test_lecturer_auto_assign.TestPublicBookingAutoAssign" name="test_unassigned_when_no_lecturers_configured" time="4.150" /><testcase classname="tests.test_lecturer_auto_assign.TestAdminBookingManualOverride" name="test_manual_override_sets_manual_admin" time="3.161" /><testcase classname="tests.test_lecturer_auto_assign.TestAdminBookingManualOverride" name="test_manual_override_training_rejected" time="2.341" /><testcase classname="tests.test_lecturer_auto_assign.TestAssignLecturerAdmin" name="test_assign_training_returns_400" time="5.941" /><testcase classname="tests.test_lecturer_auto_assign.TestBookingResponseFields" name="test_booking_has_assignment_fields" time="5.227" /><testcase classname="tests.test_lecturer_auto_assign.TestRegression" name="test_test_muzeum_public_booking_still_works" time="8.328" /></testsuite></testsuites>