<?xml version="1.0" encoding="utf-8"?><testsuites name="pytest tests"><testsuite name="pytest" errors="0" failures="0" skipped="0" tests="13" time="25.186" timestamp="2026-04-20T08:47:50.075746+00:00" hostname="agent-env-050f3428-00a6-4860-9662-ccc57f00282d"><testcase classname="tests.test_superadmin_delete_analytics_pdf.TestUsageAnalytics" name="test_usage_analytics_structure" time="4.475" /><testcase classname="tests.test_superadmin_delete_analytics_pdf.TestUsageAnalytics" name="test_usage_analytics_unauth" time="0.145" /><testcase classname="tests.test_superadmin_delete_analytics_pdf.TestExpirationJob" name="test_run_expiration_job" time="0.498" /><testcase classname="tests.test_superadmin_delete_analytics_pdf.TestExpirationJob" name="test_run_expiration_job_unauth" time="0.126" /><testcase classname="tests.test_superadmin_delete_analytics_pdf.TestInstitutionDelete" name="test_delete_404_for_missing" time="0.386" /><testcase classname="tests.test_superadmin_delete_analytics_pdf.TestInstitutionDelete" name="test_delete_own_institution_blocked" time="5.428" /><testcase classname="tests.test_superadmin_delete_analytics_pdf.TestInstitutionDelete" name="test_delete_wrong_confirmation_name" time="8.131" /><testcase classname="tests.test_superadmin_delete_analytics_pdf.TestInstitutionDelete" name="test_delete_success_and_filtered" time="5.293" /><testcase classname="tests.test_superadmin_delete_analytics_pdf.TestInstitutionDelete" name="test_delete_already_deleted" time="0.390" /><testcase classname="tests.test_superadmin_delete_analytics_pdf.TestExportService" name="test_font_registered" time="0.243" /><testcase classname="tests.test_superadmin_delete_analytics_pdf.TestExportService" name="test_cz_iban_generation" time="0.000" /><testcase classname="tests.test_superadmin_delete_analytics_pdf.TestExportService" name="test_cz_iban_with_prefix" time="0.000" /><testcase classname="tests.test_superadmin_delete_analytics_pdf.TestExportService" name="test_cz_iban_empty" time="0.001" /></testsuite></testsuites>