<?xml version="1.0" encoding="utf-8"?><testsuites name="pytest tests"><testsuite name="pytest" errors="0" failures="0" skipped="0" tests="4" time="3.337" timestamp="2026-04-26T19:45:39.257209+00:00" hostname="agent-env-12fadf00-41d3-483e-8a4e-57dbce1179a1"><testcase classname="tests.test_public_prefill" name="test_prefill_unknown_email_returns_200_not_found" time="0.687" /><testcase classname="tests.test_public_prefill" name="test_prefill_invalid_email_returns_not_found" time="0.947" /><testcase classname="tests.test_public_prefill" name="test_prefill_returns_safe_subset_only" time="0.538" /><testcase classname="tests.test_public_prefill" name="test_prefill_case_insensitive" time="1.086" /></testsuite></testsuites>