<?xml version="1.0" encoding="utf-8"?><testsuites name="pytest tests"><testsuite name="pytest" errors="0" failures="0" skipped="0" tests="5" time="9.758" timestamp="2026-05-16T21:41:26.964075+00:00" hostname="agent-env-ccf782dd-824b-41de-961e-532c57dba297"><testcase classname="backend.tests.test_logo_theme_sync_and_program_image.TestLogoThemeSync" name="test_upload_logo_syncs_public_theme" time="4.495" /><testcase classname="backend.tests.test_logo_theme_sync_and_program_image.TestLogoThemeSync" name="test_put_institution_settings_logo_url_syncs_public_theme" time="1.608" /><testcase classname="backend.tests.test_logo_theme_sync_and_program_image.TestLogoThemeSync" name="test_reject_unsupported_format_txt" time="0.111" /><testcase classname="backend.tests.test_logo_theme_sync_and_program_image.TestProgramImageUpload" name="test_upload_program_image_pro_plus" time="2.530" /><testcase classname="backend.tests.test_logo_theme_sync_and_program_image.TestProgramImageUpload" name="test_program_image_reject_invalid_type" time="0.963" /></testsuite></testsuites>