<?xml version="1.0" encoding="utf-8"?><testsuites name="pytest tests"><testsuite name="pytest" errors="0" failures="0" skipped="0" tests="13" time="19.954" timestamp="2026-04-20T09:37:55.545342+00:00" hostname="agent-env-050f3428-00a6-4860-9662-ccc57f00282d"><testcase classname="tests.test_event_payments_gateway.TestLegalVOP" name="test_vop_contains_comgate_clause" time="0.144" /><testcase classname="tests.test_event_payments_gateway.TestInitiate" name="test_gateway_enabled_flag_on_apply" time="3.902" /><testcase classname="tests.test_event_payments_gateway.TestInitiate" name="test_initiate_happy_path_mock" time="1.392" /><testcase classname="tests.test_event_payments_gateway.TestInitiate" name="test_initiate_unknown_application_404" time="0.490" /><testcase classname="tests.test_event_payments_gateway.TestInitiate" name="test_initiate_rejects_free_plan_with_402" time="4.279" /><testcase classname="tests.test_event_payments_gateway.TestMockComplete" name="test_mock_complete_requires_mock_mode" time="0.379" /><testcase classname="tests.test_event_payments_gateway.TestMockComplete" name="test_full_happy_path_mock_to_paid_and_approved" time="4.370" /><testcase classname="tests.test_event_payments_gateway.TestMockComplete" name="test_mock_complete_cancel" time="3.404" /><testcase classname="tests.test_event_payments_gateway.TestWebhookAuth" name="test_webhook_rejects_invalid_refId" time="0.151" /><testcase classname="tests.test_event_payments_gateway.TestWebhookAuth" name="test_webhook_missing_refId" time="0.104" /><testcase classname="tests.test_event_payments_gateway.TestWebhookAuth" name="test_webhook_unknown_payment_404" time="0.437" /><testcase classname="tests.test_event_payments_gateway.TestWebhookAuth" name="test_webhook_bogus_creds_rejected_for_configured_tenant" time="0.434" /><testcase classname="tests.test_event_payments_gateway.TestByVS" name="test_by_vs_404_for_unknown" time="0.397" /></testsuite></testsuites>