<?xml version="1.0" encoding="utf-8"?><testsuites name="pytest tests"><testsuite name="pytest" errors="0" failures="0" skipped="0" tests="7" time="3.427" timestamp="2026-04-22T20:27:51.767979+00:00" hostname="agent-env-050f3428-00a6-4860-9662-ccc57f00282d"><testcase classname="tests.test_my_profile_and_naslech_removal.TestLecturerProfileSelfEdit" name="test_self_edit_preferred_age_groups" time="2.042" /><testcase classname="tests.test_my_profile_and_naslech_removal.TestLecturerProfileSelfEdit" name="test_self_edit_programs" time="0.452" /><testcase classname="tests.test_my_profile_and_naslech_removal.TestLecturerProfileSelfEdit" name="test_admin_can_edit_admin_note" time="0.450" /><testcase classname="tests.test_my_profile_and_naslech_removal.TestLecturerProfileSelfEdit" name="test_reject_empty_payload" time="0.342" /><testcase classname="tests.test_my_profile_and_naslech_removal.TestNaslechRemoval" name="test_lecturer_mode_endpoint_gone" time="0.023" /><testcase classname="tests.test_my_profile_and_naslech_removal.TestNaslechRemoval" name="test_observers_list_endpoint_gone" time="0.023" /><testcase classname="tests.test_my_profile_and_naslech_removal.TestNaslechRemoval" name="test_observers_post_endpoint_gone" time="0.023" /></testsuite></testsuites>