<?xml version="1.0" encoding="utf-8"?><testsuites name="pytest tests"><testsuite name="pytest" errors="0" failures="2" skipped="0" tests="15" time="25.157" timestamp="2026-04-27T15:00:34.467999+00:00" hostname="agent-env-12fadf00-41d3-483e-8a4e-57dbce1179a1"><testcase classname="backend.tests.test_teacher_auth" name="test_register_duplicate_returns_409" time="2.098" /><testcase classname="backend.tests.test_teacher_auth" name="test_register_sets_httponly_cookie" time="1.104" /><testcase classname="backend.tests.test_teacher_auth" name="test_login_email_normalized_lowercase" time="2.562" /><testcase classname="backend.tests.test_teacher_auth" name="test_login_wrong_password_401" time="1.115" /><testcase classname="backend.tests.test_teacher_auth" name="test_lockout_after_5_failed_attempts" time="7.023"><failure message="AssertionError: expected 429, got 200&#10;assert 200 == 429&#10; +  where 200 = &lt;Response [200]&gt;.status_code">E   AssertionError: expected 429, got 200
    assert 200 == 429
     +  where 200 = &lt;Response [200]&gt;.status_code</failure></testcase><testcase classname="backend.tests.test_teacher_auth" name="test_me_with_bearer_token" time="0.475" /><testcase classname="backend.tests.test_teacher_auth" name="test_me_without_auth_401" time="0.118" /><testcase classname="backend.tests.test_teacher_auth" name="test_me_with_cookie" time="1.615" /><testcase classname="backend.tests.test_teacher_auth" name="test_patch_profile_updates_fields" time="1.459" /><testcase classname="backend.tests.test_teacher_auth" name="test_teacher_token_rejected_on_admin_endpoint" time="0.114"><failure message="AssertionError: got 500: Internal Server Error&#10;assert 500 in (401, 403, 422)&#10; +  where 500 = &lt;Response [500]&gt;.status_code">E   AssertionError: got 500: Internal Server Error
    assert 500 in (401, 403, 422)
     +  where 500 = &lt;Response [500]&gt;.status_code</failure></testcase><testcase classname="backend.tests.test_teacher_auth" name="test_favorite_add_idempotent_list_delete" time="4.274" /><testcase classname="backend.tests.test_teacher_auth" name="test_favorite_invalid_uuid_400" time="0.467" /><testcase classname="backend.tests.test_teacher_auth" name="test_favorite_nonexistent_404" time="0.551" /><testcase classname="backend.tests.test_teacher_auth" name="test_bookings_empty_for_new_teacher" time="0.689" /><testcase classname="backend.tests.test_teacher_auth" name="test_admin_login_still_works" time="1.424" /></testsuite></testsuites>