<?xml version="1.0" encoding="utf-8"?><testsuites name="pytest tests"><testsuite name="pytest" errors="0" failures="0" skipped="0" tests="14" time="16.618" timestamp="2026-04-22T20:00:21.971443+00:00" hostname="agent-env-050f3428-00a6-4860-9662-ccc57f00282d"><testcase classname="tests.test_iter58_naslech_collisions.TestTeamProfile" name="test_team_exposes_new_fields" time="2.185" /><testcase classname="tests.test_iter58_naslech_collisions.TestTeamProfile" name="test_lecturer_can_patch_own_profile" time="1.736" /><testcase classname="tests.test_iter58_naslech_collisions.TestTeamProfile" name="test_lecturer_admin_note_is_silently_dropped" time="0.454" /><testcase classname="tests.test_iter58_naslech_collisions.TestTeamProfile" name="test_admin_can_set_admin_note" time="1.120" /><testcase classname="tests.test_iter58_naslech_collisions.TestTeamProfile" name="test_lecturer_cannot_patch_other_user" time="0.465" /><testcase classname="tests.test_iter58_naslech_collisions.TestNaslech" name="test_admin_add_observer_status_approved" time="2.553" /><testcase classname="tests.test_iter58_naslech_collisions.TestNaslech" name="test_get_observers_lists_added" time="0.456" /><testcase classname="tests.test_iter58_naslech_collisions.TestNaslech" name="test_my_naslech_upcoming" time="0.574" /><testcase classname="tests.test_iter58_naslech_collisions.TestNaslech" name="test_lecturer_self_request_pending" time="1.788" /><testcase classname="tests.test_iter58_naslech_collisions.TestNaslech" name="test_admin_approves_pending" time="0.757" /><testcase classname="tests.test_iter58_naslech_collisions.TestNaslech" name="test_lecturer_cannot_approve" time="0.120" /><testcase classname="tests.test_iter58_naslech_collisions.TestNaslech" name="test_delete_observer" time="1.241" /><testcase classname="tests.test_iter58_naslech_collisions.TestStructuredCollision" name="test_409_returns_structured_payload" time="0.854" /><testcase classname="tests.test_iter58_naslech_collisions.TestNaslechNonBlocking" name="test_observer_does_not_block_other_bookings" time="2.261" /></testsuite></testsuites>