<?xml version="1.0" encoding="utf-8"?><testsuites name="pytest tests"><testsuite name="pytest" errors="0" failures="2" skipped="0" tests="12" time="12.306" timestamp="2026-04-25T09:39:37.651160+00:00" hostname="agent-env-12fadf00-41d3-483e-8a4e-57dbce1179a1"><testcase classname="tests.test_catalog_b2b.TestCatalogList" name="test_list_basic" time="1.126" /><testcase classname="tests.test_catalog_b2b.TestCatalogList" name="test_facets" time="0.580" /><testcase classname="tests.test_catalog_b2b.TestCatalogList" name="test_filter_city_case_insensitive" time="0.799" /><testcase classname="tests.test_catalog_b2b.TestCatalogList" name="test_filter_age_ms" time="0.497"><failure message="assert 500 == 200&#10; +  where 500 = &lt;Response [500]&gt;.status_code">tests/test_catalog_b2b.py:76: in test_filter_age_ms
    assert r.status_code == 200
E   assert 500 == 200
E    +  where 500 = &lt;Response [500]&gt;.status_code</failure></testcase><testcase classname="tests.test_catalog_b2b.TestCatalogList" name="test_filter_q_search" time="0.785" /><testcase classname="tests.test_catalog_b2b.TestCatalogList" name="test_sort_newest" time="0.682" /><testcase classname="tests.test_catalog_b2b.TestCatalogList" name="test_sort_popular" time="0.576" /><testcase classname="tests.test_catalog_b2b.TestCatalogList" name="test_filter_unknown_city_zero" time="0.574" /><testcase classname="tests.test_catalog_b2b.TestCatalogDetail" name="test_detail_for_first_item" time="1.047" /><testcase classname="tests.test_catalog_b2b.TestCatalogDetail" name="test_detail_unknown_id_returns_404" time="0.363" /><testcase classname="tests.test_catalog_b2b.TestAdminToggle" name="test_toggle_off_then_on" time="4.614" /><testcase classname="tests.test_catalog_b2b.TestDefaultFalse" name="test_new_program_defaults_to_not_in_catalog" time="0.521"><failure message="AssertionError: {&quot;detail&quot;:[{&quot;type&quot;:&quot;missing&quot;,&quot;loc&quot;:[&quot;body&quot;,&quot;name_en&quot;],&quot;msg&quot;:&quot;Field required&quot;,&quot;input&quot;:{&quot;name_cs&quot;:&quot;TEST_default_false_v60&quot;,&quot;description_cs&quot;:&quot;Test program for default catalog flag&quot;,&quot;duration&quot;:45,&quot;min_capacity&quot;:10,&quot;max_capacity&quot;:25,&quot;price&quot;:100.0,&quot;age_group&quot;:&quot;ms_3_6&quot;,&quot;target_groups&quot;:[&quot;ms_3_6&quot;],&quot;subject_tags&quot;:[&quot;test&quot;],&quot;institution_id&quot;:&quot;eefb9cbf-52bf-4e20-9418-5b2f659f8d23&quot;,&quot;is_published&quot;:false,&quot;status&quot;:&quot;active&quot;},&quot;url&quot;:&quot;https://errors.pydantic.dev/2.12/v/missing&quot;},{&quot;type&quot;:&quot;missing&quot;,&quot;loc&quot;:[&quot;body&quot;,&quot;description_en&quot;],&quot;msg&quot;:&quot;Field required&quot;,&quot;input&quot;:{&quot;name_cs&quot;:&quot;TEST_default_false_v60&quot;,&quot;description_cs&quot;:&quot;Test program for default catalog flag&quot;,&quot;duration&quot;:45,&quot;min_capacity&quot;:10,&quot;max_capacity&quot;:25,&quot;price&quot;:100.0,&quot;age_group&quot;:&quot;ms_3_6&quot;,&quot;target_groups&quot;:[&quot;ms_3_6&quot;],&quot;subject_tags&quot;:[&quot;test&quot;],&quot;institution_id&quot;:&quot;eefb9cbf-52bf-4e20-9418-5b2f659f8d23&quot;,&quot;is_published&quot;:false,&quot;status&quot;:&quot;active&quot;},&quot;url&quot;:&quot;https://errors.pydantic.dev/2.12/v/missing&quot;},{&quot;type&quot;:&quot;missing&quot;,&quot;loc&quot;:[&quot;body&quot;,&quot;target_group&quot;],&quot;msg&quot;:&quot;Field required&quot;,&quot;input&quot;:{&quot;name_cs&quot;:&quot;TEST_default_false_v60&quot;,&quot;description_cs&quot;:&quot;Test program for default catalog flag&quot;,&quot;duration&quot;:45,&quot;min_capacity&quot;:10,&quot;max_capacity&quot;:25,&quot;price&quot;:100.0,&quot;age_group&quot;:&quot;ms_3_6&quot;,&quot;target_groups&quot;:[&quot;ms_3_6&quot;],&quot;subject_tags&quot;:[&quot;test&quot;],&quot;institution_id&quot;:&quot;eefb9cbf-52bf-4e20-9418-5b2f659f8d23&quot;,&quot;is_published&quot;:false,&quot;status&quot;:&quot;active&quot;},&quot;url&quot;:&quot;https://errors.pydantic.dev/2.12/v/missing&quot;}]}&#10;assert 422 in (200, 201)&#10; +  where 422 = &lt;Response [422]&gt;.status_code">tests/test_catalog_b2b.py:195: in test_new_program_defaults_to_not_in_catalog
    assert cr.status_code in (200, 201), cr.text
E   AssertionError: {"detail":[{"type":"missing","loc":["body","name_en"],"msg":"Field required","input":{"name_cs":"TEST_default_false_v60","description_cs":"Test program for default catalog flag","duration":45,"min_capacity":10,"max_capacity":25,"price":100.0,"age_group":"ms_3_6","target_groups":["ms_3_6"],"subject_tags":["test"],"institution_id":"eefb9cbf-52bf-4e20-9418-5b2f659f8d23","is_published":false,"status":"active"},"url":"https://errors.pydantic.dev/2.12/v/missing"},{"type":"missing","loc":["body","description_en"],"msg":"Field required","input":{"name_cs":"TEST_default_false_v60","description_cs":"Test program for default catalog flag","duration":45,"min_capacity":10,"max_capacity":25,"price":100.0,"age_group":"ms_3_6","target_groups":["ms_3_6"],"subject_tags":["test"],"institution_id":"eefb9cbf-52bf-4e20-9418-5b2f659f8d23","is_published":false,"status":"active"},"url":"https://errors.pydantic.dev/2.12/v/missing"},{"type":"missing","loc":["body","target_group"],"msg":"Field required","input":{"name_cs":"TEST_default_false_v60","description_cs":"Test program for default catalog flag","duration":45,"min_capacity":10,"max_capacity":25,"price":100.0,"age_group":"ms_3_6","target_groups":["ms_3_6"],"subject_tags":["test"],"institution_id":"eefb9cbf-52bf-4e20-9418-5b2f659f8d23","is_published":false,"status":"active"},"url":"https://errors.pydantic.dev/2.12/v/missing"}]}
E   assert 422 in (200, 201)
E    +  where 422 = &lt;Response [422]&gt;.status_code</failure></testcase></testsuite></testsuites>