<?xml version="1.0" encoding="utf-8"?><testsuites name="pytest tests"><testsuite name="pytest" errors="0" failures="0" skipped="0" tests="16" time="28.448" timestamp="2026-04-22T11:26:30.635988+00:00" hostname="agent-env-050f3428-00a6-4860-9662-ccc57f00282d"><testcase classname="backend.tests.test_program_photos.TestCheckAccess" name="test_check_access_returns_true_for_whitelisted_platform" time="4.516" /><testcase classname="backend.tests.test_program_photos.TestCheckAccess" name="test_check_access_unauth" time="0.109" /><testcase classname="backend.tests.test_program_photos.TestSuperadminFlagWhitelist" name="test_whitelist_add_remove_round_trip" time="2.095" /><testcase classname="backend.tests.test_program_photos.TestSuperadminFlagWhitelist" name="test_whitelist_reflected_in_check_access" time="2.155" /><testcase classname="backend.tests.test_program_photos.TestUploadGating" name="test_upload_403_when_flag_disabled" time="2.875" /><testcase classname="backend.tests.test_program_photos.TestUploadGating" name="test_upload_success_when_flag_enabled" time="2.445" /><testcase classname="backend.tests.test_program_photos.TestUploadGating" name="test_upload_bad_content_type_400" time="1.191" /><testcase classname="backend.tests.test_program_photos.TestUploadGating" name="test_upload_too_large_400" time="1.656" /><testcase classname="backend.tests.test_program_photos.TestServeImage" name="test_serve_uploaded_image" time="2.043" /><testcase classname="backend.tests.test_program_photos.TestServeImage" name="test_serve_404_for_disallowed_prefix" time="0.110" /><testcase classname="backend.tests.test_program_photos.TestServeImage" name="test_serve_404_for_nonexistent" time="0.454" /><testcase classname="backend.tests.test_program_photos.TestDeleteImage" name="test_delete_403_when_flag_disabled" time="1.750" /><testcase classname="backend.tests.test_program_photos.TestDeleteImage" name="test_delete_clears_image_url" time="3.166" /><testcase classname="backend.tests.test_program_photos.TestPublicProgramsImageField" name="test_public_programs_includes_image_url_field" time="2.325" /><testcase classname="backend.tests.test_program_photos.TestPublicProgramsImageField" name="test_public_programs_works_for_non_whitelisted_inst" time="0.470" /><testcase classname="backend.tests.test_program_photos.TestRouteCollision" name="test_features_check_access_not_shadowed_by_program_id" time="1.018" /></testsuite></testsuites>