<?xml version="1.0" encoding="utf-8"?><testsuites name="pytest tests"><testsuite name="pytest" errors="0" failures="0" skipped="0" tests="9" time="18.830" timestamp="2026-04-22T19:34:28.151779+00:00" hostname="agent-env-050f3428-00a6-4860-9662-ccc57f00282d"><testcase classname="tests.test_pdf_exports.TestArchiveReport" name="test_default_returns_pdf" time="5.288" /><testcase classname="tests.test_pdf_exports.TestArchiveReport" name="test_format_json_returns_legacy_payload" time="0.894" /><testcase classname="tests.test_pdf_exports.TestGdprExport" name="test_default_returns_zip_with_json_pdf_readme" time="1.013" /><testcase classname="tests.test_pdf_exports.TestGdprExport" name="test_format_json_returns_only_json" time="0.828" /><testcase classname="tests.test_pdf_exports.TestGdprExport" name="test_format_pdf_returns_only_pdf" time="0.800" /><testcase classname="tests.test_pdf_exports.TestBundleDownload" name="test_bundle_contains_gdpr_json_and_pdf" time="8.796" /><testcase classname="tests.test_pdf_exports.TestBundleDownload" name="test_bundle_archive_reports_are_pdf_only" time="0.001" /><testcase classname="tests.test_pdf_exports.TestBundleDownload" name="test_bundle_manifest_present" time="0.000" /><testcase classname="tests.test_pdf_exports.TestBundleDownload" name="test_lecturer_forbidden_from_bundle" time="1.149" /></testsuite></testsuites>