<?xml version="1.0" encoding="utf-8"?><testsuites name="pytest tests"><testsuite name="pytest" errors="0" failures="0" skipped="0" tests="9" time="14.552" timestamp="2026-06-12T20:18:38.962743+00:00" hostname="agent-env-db39d671-c8d1-40d6-b14b-6fdd3daabaf7"><testcase classname="tests.test_a10_a11_a12_e2e.TestA11PlanUsage" name="test_usage_requires_auth" time="0.182" /><testcase classname="tests.test_a10_a11_a12_e2e.TestA11PlanUsage" name="test_usage_snapshot_shape" time="2.220" /><testcase classname="tests.test_a10_a11_a12_e2e.TestA10CapacityWaitlist" name="test_first_application_is_pending" time="6.649" /><testcase classname="tests.test_a10_a11_a12_e2e.TestA10CapacityWaitlist" name="test_second_application_is_waitlisted" time="2.017" /><testcase classname="tests.test_a10_a11_a12_e2e.TestA10CapacityWaitlist" name="test_public_detail_counts" time="1.112" /><testcase classname="tests.test_a10_a11_a12_e2e.TestA10CapacityWaitlist" name="test_promote_waitlist_to_pending" time="0.803" /><testcase classname="tests.test_a10_a11_a12_e2e.TestA10CapacityWaitlist" name="test_idor_other_institution_returns_404" time="1.302" /><testcase classname="tests.test_a10_a11_a12_e2e.TestA12GDPRGuard" name="test_anonymize_requires_confirmation" time="0.063" /><testcase classname="tests.test_a10_a11_a12_e2e.TestA12GDPRGuard" name="test_anonymize_requires_auth" time="0.139" /></testsuite></testsuites>