<?xml version="1.0" encoding="utf-8"?><testsuites name="pytest tests"><testsuite name="pytest" errors="0" failures="0" skipped="0" tests="7" time="11.059" timestamp="2026-03-23T21:02:22.715847+00:00" hostname="agent-env-4f9a69c8-d685-48be-8f57-804dc6c8dc00"><testcase classname="backend.tests.test_team_names.TestGetTeamMembers" name="test_get_team_returns_name_field" time="3.709" /><testcase classname="backend.tests.test_team_names.TestGetTeamMembers" name="test_demo_admin_has_name" time="0.450" /><testcase classname="backend.tests.test_team_names.TestUpdateMemberName" name="test_update_name_success" time="2.245" /><testcase classname="backend.tests.test_team_names.TestUpdateMemberName" name="test_update_name_invalid_member" time="0.550" /><testcase classname="backend.tests.test_team_names.TestUpdateMemberName" name="test_update_name_empty_name" time="0.990" /><testcase classname="backend.tests.test_team_names.TestInvitationAcceptName" name="test_verify_invitation_returns_name" time="2.577" /><testcase classname="backend.tests.test_team_names.TestBookingsLecturerDropdown" name="test_team_members_have_names_for_dropdown" time="0.476" /></testsuite></testsuites>