<?xml version="1.0" encoding="utf-8"?><testsuites name="pytest tests"><testsuite name="pytest" errors="0" failures="0" skipped="0" tests="13" time="28.971" timestamp="2026-04-12T11:13:07.888626+00:00" hostname="agent-env-ea02239a-e029-4688-8ccf-c185f68cfa16"><testcase classname="tests.test_lecturer_collision_availability.TestLecturerCollisionAvailability" name="test_login_works" time="3.365" /><testcase classname="tests.test_lecturer_collision_availability.TestLecturerCollisionAvailability" name="test_program_has_lecturer_collision_enabled" time="1.493" /><testcase classname="tests.test_lecturer_collision_availability.TestLecturerCollisionAvailability" name="test_daily_availability_morning_block_available" time="3.567" /><testcase classname="tests.test_lecturer_collision_availability.TestLecturerCollisionAvailability" name="test_daily_availability_afternoon_block_unavailable" time="2.770" /><testcase classname="tests.test_lecturer_collision_availability.TestLecturerCollisionAvailability" name="test_daily_availability_weekend_returns_empty" time="0.447" /><testcase classname="tests.test_lecturer_collision_availability.TestLecturerCollisionAvailability" name="test_monthly_calendar_weekdays_have_availability" time="3.444" /><testcase classname="tests.test_lecturer_collision_availability.TestLecturerCollisionAvailability" name="test_monthly_calendar_weekends_no_availability" time="3.343" /><testcase classname="tests.test_lecturer_collision_availability.TestLecturerCollisionAvailability" name="test_specific_date_april_2026_monday" time="2.772" /><testcase classname="tests.test_lecturer_collision_availability.TestLecturerCollisionAvailability" name="test_bookings_list_loads" time="1.887" /><testcase classname="tests.test_lecturer_collision_availability.TestLecturerCollisionEdgeCases" name="test_availability_endpoint_returns_valid_structure" time="2.660" /><testcase classname="tests.test_lecturer_collision_availability.TestLecturerCollisionEdgeCases" name="test_calendar_endpoint_returns_valid_structure" time="2.249" /><testcase classname="tests.test_lecturer_collision_availability.TestLecturerCollisionEdgeCases" name="test_invalid_program_returns_empty" time="0.462" /><testcase classname="tests.test_lecturer_collision_availability.TestLecturerCollisionEdgeCases" name="test_invalid_date_format_returns_empty" time="0.437" /></testsuite></testsuites>