<?xml version="1.0" encoding="utf-8"?><testsuites name="pytest tests"><testsuite name="pytest" errors="0" failures="0" skipped="0" tests="8" time="30.743" timestamp="2026-04-12T12:14:34.916478+00:00" hostname="agent-env-ea02239a-e029-4688-8ccf-c185f68cfa16"><testcase classname="backend.tests.test_availability_slot_expansion.TestAvailabilitySlotExpansion" name="test_60min_program_expands_morning_window" time="11.343" /><testcase classname="backend.tests.test_availability_slot_expansion.TestAvailabilitySlotExpansion" name="test_90min_program_expands_with_correct_last_slot" time="3.349" /><testcase classname="backend.tests.test_availability_slot_expansion.TestAvailabilitySlotExpansion" name="test_exact_slot_not_expanded" time="0.892" /><testcase classname="backend.tests.test_availability_slot_expansion.TestAvailabilitySlotExpansion" name="test_afternoon_window_also_expands" time="11.240" /><testcase classname="backend.tests.test_availability_slot_expansion.TestProgramsAPI" name="test_programs_list_returns_time_blocks" time="0.588" /><testcase classname="backend.tests.test_availability_slot_expansion.TestProgramsAPI" name="test_cteme_obrazy_has_correct_config" time="0.551" /><testcase classname="backend.tests.test_availability_slot_expansion.TestProgramsAPI" name="test_historicka_prohlidka_has_exact_slot" time="0.440" /><testcase classname="backend.tests.test_availability_slot_expansion.TestCalendarAPI" name="test_calendar_with_program_filter" time="2.290" /></testsuite></testsuites>