<?xml version="1.0" encoding="utf-8"?><testsuites name="pytest tests"><testsuite name="pytest" errors="0" failures="0" skipped="0" tests="20" time="3.452" timestamp="2026-03-28T09:56:33.412045+00:00" hostname="agent-env-0173578d-9991-44c5-88f5-06c3fac46a41"><testcase classname="tests.test_email_template_theming.TestBackendRegression" name="test_backend_api_root" time="0.226" /><testcase classname="tests.test_email_template_theming.TestBackendRegression" name="test_auth_login_works" time="1.101" /><testcase classname="tests.test_email_template_theming.TestBackendRegression" name="test_get_programs" time="1.296" /><testcase classname="tests.test_email_template_theming.TestBackendRegression" name="test_get_bookings" time="0.775" /><testcase classname="tests.test_email_template_theming.TestTemplateRegistry" name="test_template_registry_has_all_templates" time="0.001" /><testcase classname="tests.test_email_template_theming.TestTemplateRegistry" name="test_all_templates_render_without_errors" time="0.000" /><testcase classname="tests.test_email_template_theming.TestBuildThemeFunction" name="test_build_theme_returns_default_when_no_logo" time="0.000" /><testcase classname="tests.test_email_template_theming.TestBuildThemeFunction" name="test_build_theme_returns_theme_colors_when_logo_provided" time="0.000" /><testcase classname="tests.test_email_template_theming.TestBuildThemeFunction" name="test_build_theme_uses_institution_logo_url_fallback" time="0.000" /><testcase classname="tests.test_email_template_theming.TestButtonStyleFunction" name="test_button_style_uses_theme_primary_color" time="0.000" /><testcase classname="tests.test_email_template_theming.TestButtonStyleFunction" name="test_button_style_uses_secondary_color" time="0.000" /><testcase classname="tests.test_email_template_theming.TestReservationCreatedTeacherTemplate" name="test_without_theme_produces_default_header" time="0.000" /><testcase classname="tests.test_email_template_theming.TestReservationCreatedTeacherTemplate" name="test_with_theme_logo_produces_branded_header" time="0.000" /><testcase classname="tests.test_email_template_theming.TestReservationConfirmedTemplate" name="test_without_theme_has_no_institution_logo" time="0.000" /><testcase classname="tests.test_email_template_theming.TestReservationConfirmedTemplate" name="test_with_theme_logo_shows_institution_logo" time="0.000" /><testcase classname="tests.test_email_template_theming.TestReservationRescheduledTemplate" name="test_with_theme_uses_themed_button_color" time="0.000" /><testcase classname="tests.test_email_template_theming.TestFeedbackTemplates" name="test_feedback_request_exists_and_renders" time="0.000" /><testcase classname="tests.test_email_template_theming.TestFeedbackTemplates" name="test_feedback_reminder_exists_and_renders" time="0.000" /><testcase classname="tests.test_email_template_theming.TestFeedbackTemplates" name="test_feedback_request_with_theme" time="0.000" /><testcase classname="tests.test_email_template_theming.TestReminderTeacherTemplate" name="test_reminder_teacher_renders_with_theme" time="0.000" /></testsuite></testsuites>