<?xml version="1.0" encoding="utf-8"?><testsuites name="pytest tests"><testsuite name="pytest" errors="0" failures="0" skipped="0" tests="22" time="26.583" timestamp="2026-03-15T20:05:08.159328+00:00" hostname="agent-env-b5e643fa-c5c6-4934-bac6-0b378a05760b"><testcase classname="backend.tests.test_statistics.TestStatisticsAPI" name="test_statistics_default_period" time="4.799" /><testcase classname="backend.tests.test_statistics.TestStatisticsAPI" name="test_statistics_overview_fields" time="0.901" /><testcase classname="backend.tests.test_statistics.TestStatisticsAPI" name="test_statistics_period_month" time="0.939" /><testcase classname="backend.tests.test_statistics.TestStatisticsAPI" name="test_statistics_period_school_year" time="1.929" /><testcase classname="backend.tests.test_statistics.TestStatisticsAPI" name="test_statistics_period_semester_first" time="1.369" /><testcase classname="backend.tests.test_statistics.TestStatisticsAPI" name="test_statistics_period_semester_second" time="1.340" /><testcase classname="backend.tests.test_statistics.TestStatisticsAPI" name="test_statistics_period_calendar_year" time="2.156" /><testcase classname="backend.tests.test_statistics.TestStatisticsAPI" name="test_statistics_by_program_data" time="1.918" /><testcase classname="backend.tests.test_statistics.TestStatisticsAPI" name="test_statistics_by_status_data" time="0.901" /><testcase classname="backend.tests.test_statistics.TestStatisticsAPI" name="test_statistics_by_age_group_data" time="0.897" /><testcase classname="backend.tests.test_statistics.TestStatisticsAPI" name="test_statistics_monthly_data_structure" time="1.934" /><testcase classname="backend.tests.test_statistics.TestStatisticsAPI" name="test_statistics_requires_auth" time="0.112" /><testcase classname="backend.tests.test_statistics.TestCSVExport" name="test_csv_export_summary" time="0.580" /><testcase classname="backend.tests.test_statistics.TestCSVExport" name="test_csv_export_reservations" time="0.680" /><testcase classname="backend.tests.test_statistics.TestCSVExport" name="test_csv_export_programs" time="0.683" /><testcase classname="backend.tests.test_statistics.TestCSVExport" name="test_csv_export_with_period" time="1.569" /><testcase classname="backend.tests.test_statistics.TestCSVExport" name="test_csv_export_invalid_type" time="0.463" /><testcase classname="backend.tests.test_statistics.TestCSVExport" name="test_csv_export_requires_auth" time="0.107" /><testcase classname="backend.tests.test_statistics.TestPROStatus" name="test_pro_status_endpoint" time="0.485" /><testcase classname="backend.tests.test_statistics.TestPROStatus" name="test_csv_export_allowed_with_exception" time="1.032" /><testcase classname="backend.tests.test_statistics.TestLegacyEndpoints" name="test_bookings_over_time" time="1.119" /><testcase classname="backend.tests.test_statistics.TestLegacyEndpoints" name="test_popular_programs" time="0.568" /></testsuite></testsuites>