<?xml version="1.0" encoding="utf-8"?><testsuites name="pytest tests"><testsuite name="pytest" errors="0" failures="0" skipped="0" tests="11" time="6.385" timestamp="2026-02-23T11:26:18.080344+00:00" hostname="agent-env-4821ff9e-74b0-4f38-8231-9667d677da6b"><testcase classname="backend.tests.test_bookings_rbac.TestAuthMe" name="test_get_current_user_info" time="0.525" /><testcase classname="backend.tests.test_bookings_rbac.TestBookingUpdate" name="test_update_booking_status" time="0.547" /><testcase classname="backend.tests.test_bookings_rbac.TestBookingUpdate" name="test_update_actual_attendance" time="0.741" /><testcase classname="backend.tests.test_bookings_rbac.TestBookingUpdate" name="test_update_booking_notes" time="0.529" /><testcase classname="backend.tests.test_bookings_rbac.TestBookingUpdate" name="test_update_nonexistent_booking" time="0.527" /><testcase classname="backend.tests.test_bookings_rbac.TestLecturerAssignment" name="test_assign_lecturer_self" time="0.639" /><testcase classname="backend.tests.test_bookings_rbac.TestLecturerAssignment" name="test_assign_lecturer_already_assigned" time="0.640" /><testcase classname="backend.tests.test_bookings_rbac.TestLecturerAssignment" name="test_unassign_lecturer" time="0.746" /><testcase classname="backend.tests.test_bookings_rbac.TestLecturerAssignment" name="test_assign_lecturer_nonexistent_booking" time="0.525" /><testcase classname="backend.tests.test_bookings_rbac.TestBookingsWithNumTeachers" name="test_create_booking_with_num_teachers" time="0.532" /><testcase classname="backend.tests.test_bookings_rbac.TestDemoUserLogin" name="test_login_demo_account" time="0.331" /></testsuite></testsuites>