<?xml version="1.0" encoding="utf-8"?><testsuites name="pytest tests"><testsuite name="pytest" errors="0" failures="0" skipped="0" tests="6" time="3.516" timestamp="2026-03-28T00:25:07.932720+00:00" hostname="agent-env-0173578d-9991-44c5-88f5-06c3fac46a41"><testcase classname="backend.tests.test_onboarding.TestOnboardingStatus" name="test_get_onboarding_status_requires_auth" time="0.139" /><testcase classname="backend.tests.test_onboarding.TestOnboardingStatus" name="test_get_onboarding_status_success" time="1.681" /><testcase classname="backend.tests.test_onboarding.TestOnboardingComplete" name="test_complete_onboarding_requires_auth" time="0.120" /><testcase classname="backend.tests.test_onboarding.TestOnboardingComplete" name="test_complete_onboarding_success" time="0.602" /><testcase classname="backend.tests.test_onboarding.TestOnboardingComplete" name="test_verify_onboarding_completed" time="0.436" /><testcase classname="backend.tests.test_onboarding.TestOnboardingReset" name="test_reset_onboarding_for_frontend_tests" time="0.484" /></testsuite></testsuites>