<?xml version="1.0" encoding="utf-8"?><testsuites name="pytest tests"><testsuite name="pytest" errors="0" failures="15" skipped="0" tests="25" time="24.880" timestamp="2026-02-25T21:51:42.744493+00:00" hostname="agent-env-9483cb93-1212-49ff-bad3-3dea51b526e8"><testcase classname="backend.tests.test_supabase_migration.TestAPIHealth" name="test_api_root_accessible" time="0.408" /><testcase classname="backend.tests.test_supabase_migration.TestAuthRegister" name="test_register_creates_user_and_institution" time="4.980" /><testcase classname="backend.tests.test_supabase_migration.TestAuthRegister" name="test_register_duplicate_email_rejected" time="2.265"><failure message="assert 200 == 400&#10; +  where 200 = &lt;Response [200]&gt;.status_code">backend/tests/test_supabase_migration.py:91: in test_register_duplicate_email_rejected
    assert response.status_code == 400
E   assert 200 == 400
E    +  where 200 = &lt;Response [200]&gt;.status_code</failure></testcase><testcase classname="backend.tests.test_supabase_migration.TestAuthLogin" name="test_login_success_returns_token" time="0.868"><failure message="AssertionError: Login failed: {&quot;detail&quot;:&quot;Invalid credentials&quot;}&#10;assert 401 == 200&#10; +  where 401 = &lt;Response [401]&gt;.status_code">backend/tests/test_supabase_migration.py:105: in test_login_success_returns_token
    assert response.status_code == 200, f"Login failed: {response.text}"
E   AssertionError: Login failed: {"detail":"Invalid credentials"}
E   assert 401 == 200
E    +  where 401 = &lt;Response [401]&gt;.status_code</failure></testcase><testcase classname="backend.tests.test_supabase_migration.TestAuthLogin" name="test_login_invalid_credentials_rejected" time="0.446" /><testcase classname="backend.tests.test_supabase_migration.TestAuthLogin" name="test_login_wrong_password_rejected" time="0.871" /><testcase classname="backend.tests.test_supabase_migration.TestAuthVerify" name="test_verify_valid_token" time="0.878"><failure message="AssertionError: Could not get auth token&#10;assert None is not None">backend/tests/test_supabase_migration.py:142: in test_verify_valid_token
    assert headers is not None, "Could not get auth token"
E   AssertionError: Could not get auth token
E   assert None is not None</failure></testcase><testcase classname="backend.tests.test_supabase_migration.TestAuthVerify" name="test_verify_invalid_token_rejected" time="0.165" /><testcase classname="backend.tests.test_supabase_migration.TestAuthMe" name="test_get_current_user_info" time="0.945"><failure message="assert None is not None">backend/tests/test_supabase_migration.py:168: in test_get_current_user_info
    assert headers is not None
E   assert None is not None</failure></testcase><testcase classname="backend.tests.test_supabase_migration.TestProgramsCRUD" name="test_create_program" time="0.985"><failure message="AssertionError: Create program failed: {&quot;detail&quot;:&quot;Not authenticated&quot;}&#10;assert 403 == 200&#10; +  where 403 = &lt;Response [403]&gt;.status_code">backend/tests/test_supabase_migration.py:210: in test_create_program
    assert response.status_code == 200, f"Create program failed: {response.text}"
E   AssertionError: Create program failed: {"detail":"Not authenticated"}
E   assert 403 == 200
E    +  where 403 = &lt;Response [403]&gt;.status_code</failure></testcase><testcase classname="backend.tests.test_supabase_migration.TestProgramsCRUD" name="test_list_programs" time="0.977"><failure message="assert 403 == 200&#10; +  where 403 = &lt;Response [403]&gt;.status_code">backend/tests/test_supabase_migration.py:223: in test_list_programs
    assert response.status_code == 200
E   assert 403 == 200
E    +  where 403 = &lt;Response [403]&gt;.status_code</failure></testcase><testcase classname="backend.tests.test_supabase_migration.TestProgramsCRUD" name="test_get_single_program" time="0.918"><failure message="AssertionError: Create program failed: {&quot;detail&quot;:&quot;Not authenticated&quot;}&#10;assert 403 == 200&#10; +  where 403 = &lt;Response [403]&gt;.status_code">backend/tests/test_supabase_migration.py:233: in test_get_single_program
    program_id = self.test_create_program(auth_headers)
                 ^^^^^^^^^^^^^^^^^^^^^^^^^^^^^^^^^^^^^^
backend/tests/test_supabase_migration.py:210: in test_create_program
    assert response.status_code == 200, f"Create program failed: {response.text}"
E   AssertionError: Create program failed: {"detail":"Not authenticated"}
E   assert 403 == 200
E    +  where 403 = &lt;Response [403]&gt;.status_code</failure></testcase><testcase classname="backend.tests.test_supabase_migration.TestProgramsCRUD" name="test_update_program" time="1.025"><failure message="AssertionError: Create program failed: {&quot;detail&quot;:&quot;Not authenticated&quot;}&#10;assert 403 == 200&#10; +  where 403 = &lt;Response [403]&gt;.status_code">backend/tests/test_supabase_migration.py:246: in test_update_program
    program_id = self.test_create_program(auth_headers)
                 ^^^^^^^^^^^^^^^^^^^^^^^^^^^^^^^^^^^^^^
backend/tests/test_supabase_migration.py:210: in test_create_program
    assert response.status_code == 200, f"Create program failed: {response.text}"
E   AssertionError: Create program failed: {"detail":"Not authenticated"}
E   assert 403 == 200
E    +  where 403 = &lt;Response [403]&gt;.status_code</failure></testcase><testcase classname="backend.tests.test_supabase_migration.TestProgramsCRUD" name="test_delete_program" time="1.172"><failure message="AssertionError: Create program failed: {&quot;detail&quot;:&quot;Not authenticated&quot;}&#10;assert 403 == 200&#10; +  where 403 = &lt;Response [403]&gt;.status_code">backend/tests/test_supabase_migration.py:273: in test_delete_program
    program_id = self.test_create_program(auth_headers)
                 ^^^^^^^^^^^^^^^^^^^^^^^^^^^^^^^^^^^^^^
backend/tests/test_supabase_migration.py:210: in test_create_program
    assert response.status_code == 200, f"Create program failed: {response.text}"
E   AssertionError: Create program failed: {"detail":"Not authenticated"}
E   assert 403 == 200
E    +  where 403 = &lt;Response [403]&gt;.status_code</failure></testcase><testcase classname="backend.tests.test_supabase_migration.TestPublicPrograms" name="test_public_programs_demo_institution" time="0.157" /><testcase classname="backend.tests.test_supabase_migration.TestPublicPrograms" name="test_public_programs_real_institution" time="0.889" /><testcase classname="backend.tests.test_supabase_migration.TestDashboardStats" name="test_get_dashboard_stats" time="0.813"><failure message="assert None is not None">backend/tests/test_supabase_migration.py:329: in test_get_dashboard_stats
    assert headers is not None
E   assert None is not None</failure></testcase><testcase classname="backend.tests.test_supabase_migration.TestThemeSettings" name="test_get_theme_settings" time="0.802"><failure message="assert None is not None">backend/tests/test_supabase_migration.py:351: in test_get_theme_settings
    assert headers is not None
E   assert None is not None</failure></testcase><testcase classname="backend.tests.test_supabase_migration.TestThemeSettings" name="test_get_public_theme_demo" time="0.168" /><testcase classname="backend.tests.test_supabase_migration.TestThemeSettings" name="test_update_theme_settings" time="0.838"><failure message="assert None is not None">backend/tests/test_supabase_migration.py:377: in test_update_theme_settings
    assert headers is not None
E   assert None is not None</failure></testcase><testcase classname="backend.tests.test_supabase_migration.TestTeamManagement" name="test_get_team_members" time="0.874"><failure message="assert None is not None">backend/tests/test_supabase_migration.py:398: in test_get_team_members
    assert headers is not None
E   assert None is not None</failure></testcase><testcase classname="backend.tests.test_supabase_migration.TestTeamManagement" name="test_invite_team_member" time="0.891"><failure message="assert None is not None">backend/tests/test_supabase_migration.py:417: in test_invite_team_member
    assert headers is not None
E   assert None is not None</failure></testcase><testcase classname="backend.tests.test_supabase_migration.TestBookingsPublic" name="test_create_public_booking_demo" time="0.159" /><testcase classname="backend.tests.test_supabase_migration.TestContactForm" name="test_submit_contact_form" time="1.136" /><testcase classname="backend.tests.test_supabase_migration.TestInstitutionSettings" name="test_get_institution_settings" time="0.858"><failure message="assert None is not None">backend/tests/test_supabase_migration.py:497: in test_get_institution_settings
    assert headers is not None
E   assert None is not None</failure></testcase></testsuite></testsuites>