<?xml version="1.0" encoding="utf-8"?><testsuites name="pytest tests"><testsuite name="pytest" errors="0" failures="0" skipped="0" tests="14" time="13.662" timestamp="2026-03-25T11:54:50.375855+00:00" hostname="agent-env-4f9a69c8-d685-48be-8f57-804dc6c8dc00"><testcase classname="backend.tests.test_lecturer_availability_booking.TestAvailabilityEndpointPublic" name="test_availability_returns_unavailable_when_lecturer_has_blockage" time="3.727" /><testcase classname="backend.tests.test_lecturer_availability_booking.TestAvailabilityEndpointPublic" name="test_availability_returns_available_when_lecturer_is_free" time="1.034" /><testcase classname="backend.tests.test_lecturer_availability_booking.TestAvailabilityEndpointPublic" name="test_availability_returns_empty_for_unavailable_day" time="0.430" /><testcase classname="backend.tests.test_lecturer_availability_booking.TestAvailabilityEndpointPublic" name="test_availability_returns_only_program_time_blocks" time="1.052" /><testcase classname="backend.tests.test_lecturer_availability_booking.TestAvailabilityEndpointPublic" name="test_program_without_lecturer_shows_all_available" time="0.773" /><testcase classname="backend.tests.test_lecturer_availability_booking.TestLecturerAvailabilityCheck" name="test_check_lecturer_available_in_recurring_block" time="1.695" /><testcase classname="backend.tests.test_lecturer_availability_booking.TestLecturerAvailabilityCheck" name="test_check_lecturer_unavailable_with_blockage" time="0.603" /><testcase classname="backend.tests.test_lecturer_availability_booking.TestLecturerAvailabilityCheck" name="test_check_lecturer_unavailable_no_recurring" time="0.436" /><testcase classname="backend.tests.test_lecturer_availability_booking.TestTimeBlockFormatHandling" name="test_availability_handles_range_format" time="1.005" /><testcase classname="backend.tests.test_lecturer_availability_booking.TestTimeBlockFormatHandling" name="test_availability_handles_simple_time_format" time="0.840" /><testcase classname="backend.tests.test_lecturer_availability_booking.TestProgramAssignedLecturer" name="test_program_has_assigned_lecturer" time="0.443" /><testcase classname="backend.tests.test_lecturer_availability_booking.TestProgramAssignedLecturer" name="test_program_without_assigned_lecturer" time="0.458" /><testcase classname="backend.tests.test_lecturer_availability_booking.TestLecturerRecurringAvailability" name="test_lecturer_has_recurring_availability" time="0.545" /><testcase classname="backend.tests.test_lecturer_availability_booking.TestLecturerRecurringAvailability" name="test_lecturer_has_time_off_blockage" time="0.554" /></testsuite></testsuites>