<?xml version="1.0" encoding="utf-8"?><testsuites name="pytest tests"><testsuite name="pytest" errors="0" failures="0" skipped="8" tests="28" time="31.291" timestamp="2026-04-19T09:03:33.874642+00:00" hostname="agent-env-55733c89-55d3-4b11-a669-31cf23511245"><testcase classname="backend.tests.test_subscription_plans.TestPlanStatus" name="test_plan_status_returns_required_fields" time="4.018" /><testcase classname="backend.tests.test_subscription_plans.TestPlanStatus" name="test_plan_status_features_structure" time="1.459" /><testcase classname="backend.tests.test_subscription_plans.TestPlanStatus" name="test_plan_status_limits_structure" time="1.481" /><testcase classname="backend.tests.test_subscription_plans.TestPlanStatus" name="test_plan_status_requires_auth" time="1.156" /><testcase classname="backend.tests.test_subscription_plans.TestAvailablePlans" name="test_plans_returns_4_plans" time="1.108" /><testcase classname="backend.tests.test_subscription_plans.TestAvailablePlans" name="test_plans_have_required_fields" time="1.127" /><testcase classname="backend.tests.test_subscription_plans.TestAvailablePlans" name="test_plans_labels_correct" time="1.160" /><testcase classname="backend.tests.test_subscription_plans.TestAvailablePlans" name="test_pro_plus_has_events_module" time="1.106" /><testcase classname="backend.tests.test_subscription_plans.TestAvailablePlans" name="test_pro_has_mailings" time="1.103" /><testcase classname="backend.tests.test_subscription_plans.TestFeatureAccess" name="test_check_mailings_feature" time="1.472" /><testcase classname="backend.tests.test_subscription_plans.TestFeatureAccess" name="test_check_events_module_feature" time="1.504" /><testcase classname="backend.tests.test_subscription_plans.TestFeatureAccess" name="test_check_csv_export_feature" time="1.435" /><testcase classname="backend.tests.test_subscription_plans.TestFeatureAccess" name="test_check_feature_requires_auth" time="1.111" /><testcase classname="backend.tests.test_subscription_plans.TestLegacyUpgradeBlocked" name="test_legacy_upgrade_returns_400" time="1.099" /><testcase classname="backend.tests.test_subscription_plans.TestLegacyUpgradeBlocked" name="test_legacy_upgrade_without_confirm_returns_400" time="1.142" /><testcase classname="backend.tests.test_subscription_plans.TestPlanRequest" name="test_request_plan_creates_pending_state" time="1.898" /><testcase classname="backend.tests.test_subscription_plans.TestPlanRequest" name="test_request_free_plan_fails" time="1.097" /><testcase classname="backend.tests.test_subscription_plans.TestPlanRequest" name="test_request_invalid_plan_fails" time="0.101"><skipped type="pytest.skip" message="Login failed: 429">/app/backend/tests/test_subscription_plans.py:386: Login failed: 429</skipped></testcase><testcase classname="backend.tests.test_subscription_plans.TestPlanRequest" name="test_request_plan_requires_auth" time="1.109" /><testcase classname="backend.tests.test_subscription_plans.TestPlanDowngrade" name="test_downgrade_to_free_works" time="0.100"><skipped type="pytest.skip" message="Login failed: 429">/app/backend/tests/test_subscription_plans.py:420: Login failed: 429</skipped></testcase><testcase classname="backend.tests.test_subscription_plans.TestPlanDowngrade" name="test_downgrade_requires_auth" time="0.103"><skipped type="pytest.skip" message="Login failed: 429">/app/backend/tests/test_subscription_plans.py:436: Login failed: 429</skipped></testcase><testcase classname="backend.tests.test_subscription_plans.TestAdminPlanChange" name="test_admin_change_plan_and_status" time="0.109"><skipped type="pytest.skip" message="Login failed: 429">/app/backend/tests/test_subscription_plans.py:468: Login failed: 429</skipped></testcase><testcase classname="backend.tests.test_subscription_plans.TestAdminPlanChange" name="test_admin_change_invalid_plan_fails" time="0.100"><skipped type="pytest.skip" message="Login failed: 429">/app/backend/tests/test_subscription_plans.py:492: Login failed: 429</skipped></testcase><testcase classname="backend.tests.test_subscription_plans.TestAdminPlanChange" name="test_admin_change_requires_auth" time="2.022" /><testcase classname="backend.tests.test_subscription_plans.TestProPlusFeatureAccess" name="test_pro_plus_has_mailings_access" time="0.110"><skipped type="pytest.skip" message="Login failed: 429">/app/backend/tests/test_subscription_plans.py:552: Login failed: 429</skipped></testcase><testcase classname="backend.tests.test_subscription_plans.TestProPlusFeatureAccess" name="test_pro_plus_has_events_module_access" time="0.114"><skipped type="pytest.skip" message="Login failed: 429">/app/backend/tests/test_subscription_plans.py:562: Login failed: 429</skipped></testcase><testcase classname="backend.tests.test_subscription_plans.TestProPlusFeatureAccess" name="test_pro_plus_has_waitlist_access" time="2.727" /><testcase classname="backend.tests.test_subscription_plans.TestProPlusFeatureAccess" name="test_pro_plus_has_csv_export_access" time="0.102"><skipped type="pytest.skip" message="Login failed: 429">/app/backend/tests/test_subscription_plans.py:582: Login failed: 429</skipped></testcase></testsuite></testsuites>