<?xml version="1.0" encoding="utf-8"?><testsuites name="pytest tests"><testsuite name="pytest" errors="0" failures="0" skipped="0" tests="14" time="9.176" timestamp="2026-04-19T11:02:38.546412+00:00" hostname="agent-env-55733c89-55d3-4b11-a669-31cf23511245"><testcase classname="backend.tests.test_plan_hierarchy.TestPlanHierarchy" name="test_plans_endpoint_returns_hierarchical_data" time="0.303" /><testcase classname="backend.tests.test_plan_hierarchy.TestPlanHierarchy" name="test_start_plan_has_9_own_features" time="0.115" /><testcase classname="backend.tests.test_plan_hierarchy.TestPlanHierarchy" name="test_pro_plan_has_10_own_features_19_total" time="0.105" /><testcase classname="backend.tests.test_plan_hierarchy.TestPlanHierarchy" name="test_pro_plus_plan_has_7_own_features_26_total" time="0.119" /><testcase classname="backend.tests.test_plan_hierarchy.TestPlanHierarchy" name="test_events_basic_in_pro_not_pro_plus" time="0.102" /><testcase classname="backend.tests.test_plan_hierarchy.TestPlanHierarchy" name="test_events_payments_only_in_pro_plus" time="0.102" /><testcase classname="backend.tests.test_plan_hierarchy.TestPlanDiff" name="test_diff_pro_plus_to_start_shows_lost_features" time="0.143" /><testcase classname="backend.tests.test_plan_hierarchy.TestPlanDiff" name="test_diff_start_to_pro_shows_gained_features" time="0.108" /><testcase classname="backend.tests.test_plan_hierarchy.TestPlanDiff" name="test_diff_pro_to_pro_plus_shows_7_gained" time="0.116" /><testcase classname="backend.tests.test_plan_hierarchy.TestPlanDiff" name="test_diff_invalid_plan_returns_400" time="0.104" /><testcase classname="backend.tests.test_plan_hierarchy.TestPlanStatusAuthenticated" name="test_plan_status_returns_all_fields" time="3.710" /><testcase classname="backend.tests.test_plan_hierarchy.TestPlanStatusAuthenticated" name="test_check_feature_mailing_has_access" time="1.516" /><testcase classname="backend.tests.test_plan_hierarchy.TestPlanStatusAuthenticated" name="test_check_feature_events_payments_has_access" time="1.441" /><testcase classname="backend.tests.test_plan_hierarchy.TestUpgradeBlocked" name="test_put_upgrade_returns_400" time="1.097" /></testsuite></testsuites>