<?xml version="1.0" encoding="utf-8"?><testsuites name="pytest tests"><testsuite name="pytest" errors="0" failures="0" skipped="0" tests="13" time="14.277" timestamp="2026-03-21T20:58:15.386672+00:00" hostname="agent-env-23cb30bc-f9aa-463e-a0f2-8c9bcb86fa6e"><testcase classname="backend.tests.test_legal_and_plan.TestLegalEndpoints" name="test_get_terms_of_use" time="0.174" /><testcase classname="backend.tests.test_legal_and_plan.TestLegalEndpoints" name="test_get_reservation_terms" time="0.124" /><testcase classname="backend.tests.test_legal_and_plan.TestLegalEndpoints" name="test_get_terms_version" time="0.104" /><testcase classname="backend.tests.test_legal_and_plan.TestPlanEndpoints" name="test_get_plan_status" time="3.469" /><testcase classname="backend.tests.test_legal_and_plan.TestPlanEndpoints" name="test_upgrade_to_pro" time="2.268" /><testcase classname="backend.tests.test_legal_and_plan.TestPlanEndpoints" name="test_upgrade_without_confirm_fails" time="1.319" /><testcase classname="backend.tests.test_legal_and_plan.TestPlanEndpoints" name="test_downgrade_to_free" time="2.081" /><testcase classname="backend.tests.test_legal_and_plan.TestPlanEndpoints" name="test_check_feature_access" time="1.355" /><testcase classname="backend.tests.test_legal_and_plan.TestPlanEndpoints" name="test_check_unknown_feature_fails" time="1.461" /><testcase classname="backend.tests.test_legal_and_plan.TestPlanEndpoints" name="test_plan_requires_auth" time="1.164" /><testcase classname="backend.tests.test_legal_and_plan.TestBookingTermsValidation" name="test_booking_without_terms_fails" time="0.218" /><testcase classname="backend.tests.test_legal_and_plan.TestBookingTermsValidation" name="test_booking_with_terms_succeeds" time="0.191" /><testcase classname="backend.tests.test_legal_and_plan.TestTermsPageAccess" name="test_terms_api_public_access" time="0.298" /></testsuite></testsuites>