<?xml version="1.0" encoding="utf-8"?><testsuites name="pytest tests"><testsuite name="pytest" errors="0" failures="0" skipped="0" tests="25" time="36.482" timestamp="2026-02-25T21:52:54.816083+00:00" hostname="agent-env-9483cb93-1212-49ff-bad3-3dea51b526e8"><testcase classname="backend.tests.test_supabase_migration.TestAPIHealth" name="test_api_root_accessible" time="0.339" /><testcase classname="backend.tests.test_supabase_migration.TestAuthRegister" name="test_register_creates_user_and_institution" time="4.889" /><testcase classname="backend.tests.test_supabase_migration.TestAuthRegister" name="test_register_duplicate_email_rejected" time="0.514" /><testcase classname="backend.tests.test_supabase_migration.TestAuthLogin" name="test_login_success_returns_token" time="0.980" /><testcase classname="backend.tests.test_supabase_migration.TestAuthLogin" name="test_login_invalid_credentials_rejected" time="0.483" /><testcase classname="backend.tests.test_supabase_migration.TestAuthLogin" name="test_login_wrong_password_rejected" time="0.857" /><testcase classname="backend.tests.test_supabase_migration.TestAuthVerify" name="test_verify_valid_token" time="1.067" /><testcase classname="backend.tests.test_supabase_migration.TestAuthVerify" name="test_verify_invalid_token_rejected" time="0.135" /><testcase classname="backend.tests.test_supabase_migration.TestAuthMe" name="test_get_current_user_info" time="1.650" /><testcase classname="backend.tests.test_supabase_migration.TestProgramsCRUD" name="test_create_program" time="2.007" /><testcase classname="backend.tests.test_supabase_migration.TestProgramsCRUD" name="test_list_programs" time="1.534" /><testcase classname="backend.tests.test_supabase_migration.TestProgramsCRUD" name="test_get_single_program" time="2.442" /><testcase classname="backend.tests.test_supabase_migration.TestProgramsCRUD" name="test_update_program" time="2.715" /><testcase classname="backend.tests.test_supabase_migration.TestProgramsCRUD" name="test_delete_program" time="3.003" /><testcase classname="backend.tests.test_supabase_migration.TestPublicPrograms" name="test_public_programs_demo_institution" time="0.122" /><testcase classname="backend.tests.test_supabase_migration.TestPublicPrograms" name="test_public_programs_real_institution" time="1.489" /><testcase classname="backend.tests.test_supabase_migration.TestDashboardStats" name="test_get_dashboard_stats" time="2.090" /><testcase classname="backend.tests.test_supabase_migration.TestThemeSettings" name="test_get_theme_settings" time="1.528" /><testcase classname="backend.tests.test_supabase_migration.TestThemeSettings" name="test_get_public_theme_demo" time="0.143" /><testcase classname="backend.tests.test_supabase_migration.TestThemeSettings" name="test_update_theme_settings" time="1.911" /><testcase classname="backend.tests.test_supabase_migration.TestTeamManagement" name="test_get_team_members" time="1.637" /><testcase classname="backend.tests.test_supabase_migration.TestTeamManagement" name="test_invite_team_member" time="2.312" /><testcase classname="backend.tests.test_supabase_migration.TestBookingsPublic" name="test_create_public_booking_demo" time="0.137" /><testcase classname="backend.tests.test_supabase_migration.TestContactForm" name="test_submit_contact_form" time="1.022" /><testcase classname="backend.tests.test_supabase_migration.TestInstitutionSettings" name="test_get_institution_settings" time="1.363" /></testsuite></testsuites>