<?xml version="1.0" encoding="utf-8"?><testsuites name="pytest tests"><testsuite name="pytest" errors="0" failures="0" skipped="0" tests="16" time="36.840" timestamp="2026-03-26T06:05:31.818184+00:00" hostname="agent-env-b3ad8444-c998-4fb5-9086-8cbf9d13ce9e"><testcase classname="backend.tests.test_bulk_gdpr.TestBulkActionsAndGDPR" name="test_bulk_status_empty_booking_ids_returns_400" time="3.170" /><testcase classname="backend.tests.test_bulk_gdpr.TestBulkActionsAndGDPR" name="test_bulk_status_invalid_status_returns_400" time="0.917" /><testcase classname="backend.tests.test_bulk_gdpr.TestBulkActionsAndGDPR" name="test_bulk_status_pending_not_allowed" time="1.171" /><testcase classname="backend.tests.test_bulk_gdpr.TestBulkActionsAndGDPR" name="test_bulk_status_confirmed_success" time="3.277" /><testcase classname="backend.tests.test_bulk_gdpr.TestBulkActionsAndGDPR" name="test_bulk_status_cancelled_success" time="5.111" /><testcase classname="backend.tests.test_bulk_gdpr.TestBulkActionsAndGDPR" name="test_bulk_status_completed_success" time="4.898" /><testcase classname="backend.tests.test_bulk_gdpr.TestBulkActionsAndGDPR" name="test_bulk_status_multiple_bookings" time="6.272" /><testcase classname="backend.tests.test_bulk_gdpr.TestBulkActionsAndGDPR" name="test_bulk_status_nonexistent_bookings_returns_404" time="2.510" /><testcase classname="backend.tests.test_bulk_gdpr.TestBulkActionsAndGDPR" name="test_gdpr_export_returns_user_data" time="1.843" /><testcase classname="backend.tests.test_bulk_gdpr.TestBulkActionsAndGDPR" name="test_gdpr_export_without_auth_returns_401" time="0.982" /><testcase classname="backend.tests.test_bulk_gdpr.TestBulkActionsAndGDPR" name="test_gdpr_anonymize_wrong_confirmation_returns_400" time="0.913" /><testcase classname="backend.tests.test_bulk_gdpr.TestBulkActionsAndGDPR" name="test_gdpr_anonymize_empty_confirmation_returns_400" time="0.945" /><testcase classname="backend.tests.test_bulk_gdpr.TestBulkActionsAndGDPR" name="test_gdpr_anonymize_lowercase_smazat_returns_400" time="0.917" /><testcase classname="backend.tests.test_bulk_gdpr.TestBulkActionsAndGDPR" name="test_gdpr_anonymize_without_auth_returns_401" time="0.961" /><testcase classname="backend.tests.test_bulk_gdpr.TestBookingsListAndFiltering" name="test_get_bookings_returns_list" time="1.480" /><testcase classname="backend.tests.test_bulk_gdpr.TestBookingsListAndFiltering" name="test_bookings_have_program_name" time="1.404" /></testsuite></testsuites>