<?xml version="1.0" encoding="utf-8"?><testsuites name="pytest tests"><testsuite name="pytest" errors="0" failures="0" skipped="0" tests="9" time="11.651" timestamp="2026-03-21T21:52:44.489254+00:00" hostname="agent-env-23cb30bc-f9aa-463e-a0f2-8c9bcb86fa6e"><testcase classname="backend.tests.test_school_import.TestSchoolImport" name="test_download_import_template" time="1.157" /><testcase classname="backend.tests.test_school_import.TestSchoolImport" name="test_import_valid_excel_file" time="1.327" /><testcase classname="backend.tests.test_school_import.TestSchoolImport" name="test_import_with_update_existing" time="1.804" /><testcase classname="backend.tests.test_school_import.TestSchoolImport" name="test_import_invalid_file_type" time="1.000" /><testcase classname="backend.tests.test_school_import.TestSchoolImport" name="test_import_csv_file" time="1.314" /><testcase classname="backend.tests.test_school_import.TestSchoolImport" name="test_import_missing_required_columns" time="0.992" /><testcase classname="backend.tests.test_school_import.TestSchoolImport" name="test_import_invalid_email_format" time="0.976" /><testcase classname="backend.tests.test_school_import.TestSchoolImport" name="test_import_duplicate_detection" time="1.756" /><testcase classname="backend.tests.test_school_import.TestSchoolImport" name="test_get_schools_list" time="1.276" /></testsuite></testsuites>