<?xml version="1.0" encoding="utf-8"?><testsuites name="pytest tests"><testsuite name="pytest" errors="0" failures="0" skipped="0" tests="17" time="42.881" timestamp="2026-04-15T11:51:23.771072+00:00" hostname="agent-env-55733c89-55d3-4b11-a669-31cf23511245"><testcase classname="backend.tests.test_mailings.TestMailingsCRUD" name="test_list_campaigns_empty_or_existing" time="3.884" /><testcase classname="backend.tests.test_mailings.TestMailingsCRUD" name="test_create_draft_campaign" time="3.122" /><testcase classname="backend.tests.test_mailings.TestMailingsCRUD" name="test_get_campaign_detail" time="3.579" /><testcase classname="backend.tests.test_mailings.TestMailingsCRUD" name="test_update_draft_campaign" time="3.857" /><testcase classname="backend.tests.test_mailings.TestMailingsCRUD" name="test_delete_draft_campaign" time="2.990" /><testcase classname="backend.tests.test_mailings.TestMailingsRecipientPreview" name="test_preview_recipients_relevant_only" time="2.326" /><testcase classname="backend.tests.test_mailings.TestMailingsRecipientPreview" name="test_preview_recipients_all_mode" time="2.036" /><testcase classname="backend.tests.test_mailings.TestMailingsDefaultTemplates" name="test_default_texts_ms" time="1.405" /><testcase classname="backend.tests.test_mailings.TestMailingsDefaultTemplates" name="test_default_texts_zs" time="1.418" /><testcase classname="backend.tests.test_mailings.TestMailingsDefaultTemplates" name="test_default_texts_ss" time="1.375" /><testcase classname="backend.tests.test_mailings.TestMailingsDefaultTemplates" name="test_default_texts_general" time="1.407" /><testcase classname="backend.tests.test_mailings.TestMailingsDefaultTemplates" name="test_all_templates_endpoint" time="1.409" /><testcase classname="backend.tests.test_mailings.TestMailingsSend" name="test_send_campaign_creates_recipients" time="11.225" /><testcase classname="backend.tests.test_mailings.TestMailingsSend" name="test_send_campaign_without_programs_fails" time="2.454" /><testcase classname="backend.tests.test_mailings.TestMailingsAuth" name="test_list_campaigns_requires_auth" time="0.093" /><testcase classname="backend.tests.test_mailings.TestMailingsAuth" name="test_create_campaign_requires_auth" time="0.102" /><testcase classname="backend.tests.test_mailings.TestMailingsAuth" name="test_preview_recipients_requires_auth" time="0.107" /></testsuite></testsuites>