<?xml version="1.0" encoding="utf-8"?><testsuites name="pytest tests"><testsuite name="pytest" errors="0" failures="0" skipped="0" tests="11" time="4.540" timestamp="2026-03-26T20:53:40.119495+00:00" hostname="agent-env-b3ad8444-c998-4fb5-9086-8cbf9d13ce9e"><testcase classname="tests.test_security_hardening.TestPasswordValidation" name="test_register_password_too_short" time="0.240" /><testcase classname="tests.test_security_hardening.TestPasswordValidation" name="test_register_password_missing_uppercase" time="0.117" /><testcase classname="tests.test_security_hardening.TestPasswordValidation" name="test_register_password_missing_lowercase" time="0.170" /><testcase classname="tests.test_security_hardening.TestPasswordValidation" name="test_register_password_missing_digit" time="0.165" /><testcase classname="tests.test_security_hardening.TestSecurityHeaders" name="test_security_headers_on_api_root" time="0.125" /><testcase classname="tests.test_security_hardening.TestSecurityHeaders" name="test_security_headers_on_legal_endpoint" time="0.126" /><testcase classname="tests.test_security_hardening.TestVOPLegalData" name="test_vop_returns_correct_provozovatel" time="0.159" /><testcase classname="tests.test_security_hardening.TestLoginWithValidCredentials" name="test_login_demo_user" time="2.951" /><testcase classname="tests.test_security_hardening.TestStaticFiles" name="test_robots_txt_accessible" time="0.112" /><testcase classname="tests.test_security_hardening.TestStaticFiles" name="test_sitemap_xml_accessible" time="0.129" /><testcase classname="tests.test_security_hardening.TestJWTConfiguration" name="test_jwt_secret_required" time="0.180" /></testsuite></testsuites>