<?xml version="1.0" encoding="utf-8"?><testsuites name="pytest tests"><testsuite name="pytest" errors="0" failures="0" skipped="0" tests="24" time="36.892" timestamp="2026-04-19T11:20:35.673778+00:00" hostname="agent-env-55733c89-55d3-4b11-a669-31cf23511245"><testcase classname="tests.test_feature_guards.TestProPlusAccess" name="test_plan_status_shows_pro_plus" time="3.804" /><testcase classname="tests.test_feature_guards.TestProPlusAccess" name="test_mailings_accessible_for_pro_plus" time="1.148" /><testcase classname="tests.test_feature_guards.TestProPlusAccess" name="test_audit_log_accessible_for_pro_plus" time="0.887" /><testcase classname="tests.test_feature_guards.TestProPlusAccess" name="test_rooms_accessible_for_pro_plus" time="0.683" /><testcase classname="tests.test_feature_guards.TestProPlusAccess" name="test_microsoft_calendar_status_accessible_for_pro_plus" time="0.668" /><testcase classname="tests.test_feature_guards.TestProPlusAccess" name="test_waitlist_admin_accessible_for_pro_plus" time="5.125" /><testcase classname="tests.test_feature_guards.TestProPlusAccess" name="test_advanced_stats_accessible_for_pro_plus" time="1.233" /><testcase classname="tests.test_feature_guards.TestProPlusAccess" name="test_basic_stats_accessible_for_all" time="1.440" /><testcase classname="tests.test_feature_guards.TestProPlusAccess" name="test_schools_export_csv_accessible_for_pro_plus" time="0.788" /><testcase classname="tests.test_feature_guards.TestProPlusAccess" name="test_events_payment_settings_accessible_for_pro_plus" time="0.890" /><testcase classname="tests.test_feature_guards.TestFreeUserAccess" name="test_mailings_returns_403_for_free" time="3.153" /><testcase classname="tests.test_feature_guards.TestFreeUserAccess" name="test_audit_log_returns_403_for_free" time="0.433" /><testcase classname="tests.test_feature_guards.TestFreeUserAccess" name="test_rooms_returns_403_for_free" time="0.434" /><testcase classname="tests.test_feature_guards.TestFreeUserAccess" name="test_microsoft_calendar_returns_403_for_free" time="0.453" /><testcase classname="tests.test_feature_guards.TestFreeUserAccess" name="test_waitlist_returns_403_for_free" time="0.453" /><testcase classname="tests.test_feature_guards.TestFreeUserAccess" name="test_advanced_stats_returns_403_for_free" time="0.443" /><testcase classname="tests.test_feature_guards.TestFreeUserAccess" name="test_schools_export_csv_returns_403_for_free" time="0.438" /><testcase classname="tests.test_feature_guards.TestFreeUserAccess" name="test_basic_stats_still_accessible_for_free" time="1.572" /><testcase classname="tests.test_feature_guards.TestProUserAccess" name="test_events_payment_settings_returns_403_for_pro" time="2.977" /><testcase classname="tests.test_feature_guards.TestProUserAccess" name="test_mailings_accessible_for_pro" time="0.943" /><testcase classname="tests.test_feature_guards.TestProUserAccess" name="test_audit_log_accessible_for_pro" time="1.379" /><testcase classname="tests.test_feature_guards.TestPublicEndpoints" name="test_waitlist_post_public_no_guard" time="2.455" /><testcase classname="tests.test_feature_guards.TestErrorMessages" name="test_error_message_includes_plan_name" time="3.577" /><testcase classname="tests.test_feature_guards.TestPlanStatusFeatures" name="test_plan_status_shows_correct_features_for_pro_plus" time="1.425" /></testsuite></testsuites>