<?xml version="1.0" encoding="utf-8"?><testsuites name="pytest tests"><testsuite name="pytest" errors="0" failures="0" skipped="0" tests="13" time="7.290" timestamp="2026-02-25T10:38:17.916573+00:00" hostname="agent-env-4821ff9e-74b0-4f38-8231-9667d677da6b"><testcase classname="backend.tests.test_pro_features.TestProFeatures" name="test_get_pro_settings" time="0.559" /><testcase classname="backend.tests.test_pro_features.TestProFeatures" name="test_update_pro_settings" time="0.445" /><testcase classname="backend.tests.test_pro_features.TestProFeatures" name="test_export_schools_csv" time="0.438" /><testcase classname="backend.tests.test_pro_features.TestProFeatures" name="test_send_propagation_to_schools" time="0.644" /><testcase classname="backend.tests.test_pro_features.TestProFeatures" name="test_propagation_requires_pro" time="0.324" /><testcase classname="backend.tests.test_pro_features.TestProFeatures" name="test_get_program_external_url" time="0.573" /><testcase classname="backend.tests.test_pro_features.TestProFeatures" name="test_external_url_for_invalid_program" time="0.525" /><testcase classname="backend.tests.test_pro_features.TestExtendedBookingEdit" name="test_admin_can_update_date" time="0.649" /><testcase classname="backend.tests.test_pro_features.TestExtendedBookingEdit" name="test_admin_can_update_time_block" time="0.662" /><testcase classname="backend.tests.test_pro_features.TestExtendedBookingEdit" name="test_admin_can_update_contact_email" time="0.663" /><testcase classname="backend.tests.test_pro_features.TestExtendedBookingEdit" name="test_admin_can_update_contact_phone" time="0.544" /><testcase classname="backend.tests.test_pro_features.TestExtendedBookingEdit" name="test_admin_can_update_contact_name" time="0.520" /><testcase classname="backend.tests.test_pro_features.TestExtendedBookingEdit" name="test_admin_can_update_multiple_fields" time="0.536" /></testsuite></testsuites>