<?xml version="1.0" encoding="utf-8"?><testsuites name="pytest tests"><testsuite name="pytest" errors="0" failures="0" skipped="0" tests="16" time="16.238" timestamp="2026-04-15T10:22:48.673224+00:00" hostname="agent-env-55733c89-55d3-4b11-a669-31cf23511245"><testcase classname="backend.tests.test_waitlist_feature.TestWaitlistPublicCreate" name="test_create_waitlist_entry_success" time="3.340" /><testcase classname="backend.tests.test_waitlist_feature.TestWaitlistPublicCreate" name="test_create_waitlist_date_range_success" time="1.052" /><testcase classname="backend.tests.test_waitlist_feature.TestWaitlistPublicCreate" name="test_validate_program_exists" time="0.379" /><testcase classname="backend.tests.test_waitlist_feature.TestWaitlistPublicCreate" name="test_validate_participant_count_positive" time="0.378" /><testcase classname="backend.tests.test_waitlist_feature.TestWaitlistPublicCreate" name="test_validate_date_not_in_past" time="0.378" /><testcase classname="backend.tests.test_waitlist_feature.TestWaitlistPublicCreate" name="test_validate_range_start_before_end" time="0.379" /><testcase classname="backend.tests.test_waitlist_feature.TestWaitlistPublicCreate" name="test_block_duplicate_entry" time="1.425" /><testcase classname="backend.tests.test_waitlist_feature.TestWaitlistPublicCount" name="test_get_waitlist_count_no_auth" time="0.491" /><testcase classname="backend.tests.test_waitlist_feature.TestWaitlistAdminList" name="test_list_waitlist_requires_auth" time="0.125" /><testcase classname="backend.tests.test_waitlist_feature.TestWaitlistAdminList" name="test_list_waitlist_returns_entries" time="2.539" /><testcase classname="backend.tests.test_waitlist_feature.TestWaitlistAdminList" name="test_filter_by_program_id" time="1.156" /><testcase classname="backend.tests.test_waitlist_feature.TestWaitlistAdminList" name="test_filter_by_status" time="1.045" /><testcase classname="backend.tests.test_waitlist_feature.TestWaitlistAdminUpdate" name="test_update_requires_auth" time="0.108" /><testcase classname="backend.tests.test_waitlist_feature.TestWaitlistAdminUpdate" name="test_update_status_and_note" time="1.653" /><testcase classname="backend.tests.test_waitlist_feature.TestWaitlistAdminUpdate" name="test_update_invalid_status" time="1.334" /><testcase classname="backend.tests.test_waitlist_feature.TestWaitlistAdminUpdate" name="test_update_nonexistent_entry" time="0.380" /></testsuite></testsuites>