<?xml version="1.0" encoding="utf-8"?><testsuites name="pytest tests"><testsuite name="pytest" errors="0" failures="0" skipped="0" tests="12" time="12.678" timestamp="2026-03-28T00:16:42.420352+00:00" hostname="agent-env-0173578d-9991-44c5-88f5-06c3fac46a41"><testcase classname="tests.test_archive_feature.TestArchiveEndpoints" name="test_get_archived_programs" time="3.723" /><testcase classname="tests.test_archive_feature.TestArchiveEndpoints" name="test_get_active_programs" time="0.561" /><testcase classname="tests.test_archive_feature.TestArchiveEndpoints" name="test_archive_and_unarchive_flow" time="3.261" /><testcase classname="tests.test_archive_feature.TestArchiveEndpoints" name="test_archive_report" time="1.871" /><testcase classname="tests.test_archive_feature.TestArchiveEndpoints" name="test_archive_already_archived_program" time="0.894" /><testcase classname="tests.test_archive_feature.TestArchiveEndpoints" name="test_unarchive_active_program" time="0.904" /><testcase classname="tests.test_archive_feature.TestArchiveEndpoints" name="test_archive_nonexistent_program" time="0.436" /><testcase classname="tests.test_archive_feature.TestArchiveEndpoints" name="test_archive_report_nonexistent_program" time="0.457" /><testcase classname="tests.test_archive_feature.TestArchiveWithoutAuth" name="test_archived_requires_auth" time="0.142" /><testcase classname="tests.test_archive_feature.TestArchiveWithoutAuth" name="test_archive_requires_auth" time="0.115" /><testcase classname="tests.test_archive_feature.TestArchiveWithoutAuth" name="test_unarchive_requires_auth" time="0.146" /><testcase classname="tests.test_archive_feature.TestArchiveWithoutAuth" name="test_archive_report_requires_auth" time="0.117" /></testsuite></testsuites>