<?xml version="1.0" encoding="utf-8"?><testsuites name="pytest tests"><testsuite name="pytest" errors="0" failures="0" skipped="0" tests="17" time="24.183" timestamp="2026-03-21T13:15:06.979416+00:00" hostname="agent-env-23cb30bc-f9aa-463e-a0f2-8c9bcb86fa6e"><testcase classname="tests.test_p1_features.TestTeamInvitationAPIs" name="test_send_invitation_success" time="4.223" /><testcase classname="tests.test_p1_features.TestTeamInvitationAPIs" name="test_send_invitation_all_roles" time="3.597" /><testcase classname="tests.test_p1_features.TestTeamInvitationAPIs" name="test_send_invitation_invalid_role" time="0.544" /><testcase classname="tests.test_p1_features.TestTeamInvitationAPIs" name="test_get_pending_invitations" time="0.541" /><testcase classname="tests.test_p1_features.TestTeamInvitationAPIs" name="test_cancel_invitation" time="2.100" /><testcase classname="tests.test_p1_features.TestTeamInvitationAPIs" name="test_cancel_nonexistent_invitation" time="0.431" /><testcase classname="tests.test_p1_features.TestTeamInvitationAPIs" name="test_invitations_require_auth" time="0.195" /><testcase classname="tests.test_p1_features.TestTeamAPIs" name="test_get_team_members" time="1.421" /><testcase classname="tests.test_p1_features.TestFeedbackStatisticsAPIs" name="test_get_feedback_statistics" time="2.337" /><testcase classname="tests.test_p1_features.TestFeedbackStatisticsAPIs" name="test_feedback_statistics_with_filters" time="1.236" /><testcase classname="tests.test_p1_features.TestFeedbackStatisticsAPIs" name="test_feedback_statistics_require_auth" time="0.094" /><testcase classname="tests.test_p1_features.TestStatisticsAPIs" name="test_get_statistics_monthly" time="2.692" /><testcase classname="tests.test_p1_features.TestStatisticsAPIs" name="test_get_statistics_school_year" time="1.895" /><testcase classname="tests.test_p1_features.TestStatisticsAPIs" name="test_get_statistics_semester" time="1.364" /><testcase classname="tests.test_p1_features.TestSchedulerConfiguration" name="test_scheduler_module_exists" time="1.441" /><testcase classname="tests.test_p1_features.TestSchedulerConfiguration" name="test_reminder_email_function_exists" time="0.000" /><testcase classname="tests.test_p1_features.TestFeedbackModel" name="test_feedback_model_has_reminder_field" time="0.000" /></testsuite></testsuites>