<?xml version="1.0" encoding="utf-8"?><testsuites name="pytest tests"><testsuite name="pytest" errors="0" failures="0" skipped="2" tests="16" time="27.417" timestamp="2026-04-15T10:44:30.800967+00:00" hostname="agent-env-55733c89-55d3-4b11-a669-31cf23511245"><testcase classname="tests.test_waitlist_phase2.TestWaitlistMatchingService" name="test_create_specific_date_entry_for_matching" time="1.380" /><testcase classname="tests.test_waitlist_phase2.TestWaitlistMatchingService" name="test_create_date_range_entry_for_matching" time="1.272" /><testcase classname="tests.test_waitlist_phase2.TestWaitlistMatchingService" name="test_create_any_time_entry" time="1.050" /><testcase classname="tests.test_waitlist_phase2.TestWaitlistMatchingService" name="test_create_midday_preference_entry" time="1.258" /><testcase classname="tests.test_waitlist_phase2.TestWaitlistAdminEnrichment" name="test_list_waitlist_includes_program_name" time="4.191" /><testcase classname="tests.test_waitlist_phase2.TestWaitlistAdminEnrichment" name="test_list_waitlist_shows_dates_and_participant_count" time="3.186" /><testcase classname="tests.test_waitlist_phase2.TestBookingCancellationHook" name="test_booking_status_update_to_cancelled" time="0.832"><skipped type="pytest.skip" message="No confirmed booking available to test cancellation hook">/app/backend/tests/test_waitlist_phase2.py:200: No confirmed booking available to test cancellation hook</skipped></testcase><testcase classname="tests.test_waitlist_phase2.TestBookingCancellationHook" name="test_bulk_status_update_to_cancelled" time="1.779" /><testcase classname="tests.test_waitlist_phase2.TestAvailabilityExceptionHook" name="test_create_and_delete_program_exception" time="2.607" /><testcase classname="tests.test_waitlist_phase2.TestAvailabilityExceptionHook" name="test_lecturer_exception_does_not_trigger_waitlist" time="0.048"><skipped type="pytest.skip" message="Cannot get users to find lecturer">/app/backend/tests/test_waitlist_phase2.py:267: Cannot get users to find lecturer</skipped></testcase><testcase classname="tests.test_waitlist_phase2.TestWaitlistStatusUpdate" name="test_update_status_to_contacted" time="1.650" /><testcase classname="tests.test_waitlist_phase2.TestWaitlistStatusUpdate" name="test_update_status_to_booked" time="1.864" /><testcase classname="tests.test_waitlist_phase2.TestWaitlistStatusUpdate" name="test_update_status_to_expired" time="1.434" /><testcase classname="tests.test_waitlist_phase2.TestPublicWaitlistForm" name="test_public_waitlist_form_all_fields" time="1.047" /><testcase classname="tests.test_waitlist_phase2.TestPublicWaitlistForm" name="test_public_waitlist_minimal_fields" time="0.936" /><testcase classname="tests.test_waitlist_phase2.TestWaitlistCountEndpoint" name="test_count_returns_active_only" time="2.826" /></testsuite></testsuites>