<?xml version="1.0" encoding="utf-8"?><testsuites name="pytest tests"><testsuite name="pytest" errors="0" failures="0" skipped="0" tests="25" time="27.938" timestamp="2026-03-25T11:40:01.807546+00:00" hostname="agent-env-4f9a69c8-d685-48be-8f57-804dc6c8dc00"><testcase classname="backend.tests.test_lecturer_availability.TestRecurringAvailability" name="test_get_recurring_availability" time="3.729" /><testcase classname="backend.tests.test_lecturer_availability.TestRecurringAvailability" name="test_create_recurring_availability_single_day" time="1.024" /><testcase classname="backend.tests.test_lecturer_availability.TestRecurringAvailability" name="test_create_recurring_availability_multiple_days" time="1.129" /><testcase classname="backend.tests.test_lecturer_availability.TestRecurringAvailability" name="test_update_recurring_availability" time="1.176" /><testcase classname="backend.tests.test_lecturer_availability.TestRecurringAvailability" name="test_delete_recurring_availability" time="0.657" /><testcase classname="backend.tests.test_lecturer_availability.TestRecurringAvailability" name="test_cleanup_recurring_blocks" time="1.697" /><testcase classname="backend.tests.test_lecturer_availability.TestTimeOff" name="test_get_time_off" time="0.545" /><testcase classname="backend.tests.test_lecturer_availability.TestTimeOff" name="test_create_time_off_with_time" time="0.992" /><testcase classname="backend.tests.test_lecturer_availability.TestTimeOff" name="test_create_time_off_all_day" time="0.797" /><testcase classname="backend.tests.test_lecturer_availability.TestTimeOff" name="test_create_time_off_multi_day" time="0.773" /><testcase classname="backend.tests.test_lecturer_availability.TestTimeOff" name="test_update_time_off" time="1.163" /><testcase classname="backend.tests.test_lecturer_availability.TestTimeOff" name="test_delete_time_off" time="0.662" /><testcase classname="backend.tests.test_lecturer_availability.TestTimeOff" name="test_cleanup_time_off_blocks" time="1.120" /><testcase classname="backend.tests.test_lecturer_availability.TestWeekView" name="test_get_week_view_default" time="0.661" /><testcase classname="backend.tests.test_lecturer_availability.TestWeekView" name="test_get_week_view_with_date" time="0.568" /><testcase classname="backend.tests.test_lecturer_availability.TestAvailabilityCheck" name="test_check_available_in_recurring_block" time="2.702" /><testcase classname="backend.tests.test_lecturer_availability.TestAvailabilityCheck" name="test_check_unavailable_no_recurring" time="1.777" /><testcase classname="backend.tests.test_lecturer_availability.TestAvailabilityCheck" name="test_check_unavailable_with_blockage" time="3.196" /><testcase classname="backend.tests.test_lecturer_availability.TestLecturerSelector" name="test_get_team_members" time="0.594" /><testcase classname="backend.tests.test_lecturer_availability.TestLecturerSelector" name="test_get_week_view_for_other_lecturer" time="0.976" /><testcase classname="backend.tests.test_lecturer_availability.TestErrorHandling" name="test_update_nonexistent_recurring" time="0.454" /><testcase classname="backend.tests.test_lecturer_availability.TestErrorHandling" name="test_delete_nonexistent_recurring" time="0.469" /><testcase classname="backend.tests.test_lecturer_availability.TestErrorHandling" name="test_update_nonexistent_time_off" time="0.445" /><testcase classname="backend.tests.test_lecturer_availability.TestErrorHandling" name="test_delete_nonexistent_time_off" time="0.439" /><testcase classname="backend.tests.test_lecturer_availability.TestErrorHandling" name="test_create_recurring_no_days" time="0.101" /></testsuite></testsuites>