<?xml version="1.0" encoding="utf-8"?><testsuites name="pytest tests"><testsuite name="pytest" errors="0" failures="0" skipped="0" tests="28" time="31.480" timestamp="2026-04-15T09:35:33.073092+00:00" hostname="agent-env-55733c89-55d3-4b11-a669-31cf23511245"><testcase classname="backend.tests.test_export_system.TestXLSXExport" name="test_xlsx_export_returns_200" time="4.507" /><testcase classname="backend.tests.test_export_system.TestXLSXExport" name="test_xlsx_export_content_type" time="0.610" /><testcase classname="backend.tests.test_export_system.TestXLSXExport" name="test_xlsx_export_content_disposition" time="0.611" /><testcase classname="backend.tests.test_export_system.TestXLSXExport" name="test_xlsx_is_valid_zip_format" time="0.605" /><testcase classname="backend.tests.test_export_system.TestXLSXExport" name="test_xlsx_contains_styled_content" time="0.611" /><testcase classname="backend.tests.test_export_system.TestXLSXExport" name="test_xlsx_export_requires_auth" time="0.134" /><testcase classname="backend.tests.test_export_system.TestCSVExport" name="test_csv_export_returns_200" time="0.596" /><testcase classname="backend.tests.test_export_system.TestCSVExport" name="test_csv_export_content_type" time="0.596" /><testcase classname="backend.tests.test_export_system.TestCSVExport" name="test_csv_has_utf8_bom" time="0.596" /><testcase classname="backend.tests.test_export_system.TestCSVExport" name="test_csv_uses_semicolon_separator" time="0.598" /><testcase classname="backend.tests.test_export_system.TestCSVExport" name="test_csv_contains_czech_column_names" time="0.595" /><testcase classname="backend.tests.test_export_system.TestCSVExport" name="test_csv_export_requires_auth" time="0.127" /><testcase classname="backend.tests.test_export_system.TestPDFExport" name="test_pdf_export_returns_200" time="1.402" /><testcase classname="backend.tests.test_export_system.TestPDFExport" name="test_pdf_export_content_type" time="0.948" /><testcase classname="backend.tests.test_export_system.TestPDFExport" name="test_pdf_is_valid_format" time="0.946" /><testcase classname="backend.tests.test_export_system.TestPDFExport" name="test_pdf_has_content_disposition" time="0.949" /><testcase classname="backend.tests.test_export_system.TestPDFExport" name="test_pdf_export_requires_auth" time="0.128" /><testcase classname="backend.tests.test_export_system.TestPublicPDFExport" name="test_public_pdf_returns_200" time="1.008" /><testcase classname="backend.tests.test_export_system.TestPublicPDFExport" name="test_public_pdf_is_valid_format" time="1.011" /><testcase classname="backend.tests.test_export_system.TestPublicPDFExport" name="test_public_pdf_content_type" time="1.001" /><testcase classname="backend.tests.test_export_system.TestPublicPDFExport" name="test_public_pdf_inline_disposition" time="1.008" /><testcase classname="backend.tests.test_export_system.TestPublicPDFExport" name="test_public_pdf_404_for_invalid_application" time="0.542" /><testcase classname="backend.tests.test_export_system.TestPublicPDFExport" name="test_public_pdf_404_for_invalid_institution" time="0.462" /><testcase classname="backend.tests.test_export_system.TestApplicationSubmissionPDFUrl" name="test_application_submission_returns_pdf_url" time="3.754" /><testcase classname="backend.tests.test_export_system.TestApplicationSubmissionPDFUrl" name="test_pdf_url_is_accessible" time="3.035" /><testcase classname="backend.tests.test_export_system.TestExportEdgeCases" name="test_xlsx_export_empty_event" time="2.017" /><testcase classname="backend.tests.test_export_system.TestExportEdgeCases" name="test_csv_export_empty_event" time="2.009" /><testcase classname="backend.tests.test_export_system.TestExportEdgeCases" name="test_export_nonexistent_event_returns_404" time="0.978" /></testsuite></testsuites>