<?xml version="1.0" encoding="utf-8"?><testsuites name="pytest tests"><testsuite name="pytest" errors="0" failures="0" skipped="0" tests="15" time="20.782" timestamp="2026-04-10T18:49:31.052151+00:00" hostname="agent-env-0173578d-9991-44c5-88f5-06c3fac46a41"><testcase classname="backend.tests.test_httponly_cookies_analytics.TestHttpOnlyCookies" name="test_login_sets_cookies" time="1.441" /><testcase classname="backend.tests.test_httponly_cookies_analytics.TestHttpOnlyCookies" name="test_verify_works_with_cookie_only" time="1.404" /><testcase classname="backend.tests.test_httponly_cookies_analytics.TestHttpOnlyCookies" name="test_refresh_reads_cookie_if_body_empty" time="2.528" /><testcase classname="backend.tests.test_httponly_cookies_analytics.TestHttpOnlyCookies" name="test_logout_clears_cookies" time="1.849" /><testcase classname="backend.tests.test_httponly_cookies_analytics.TestBookingFieldFiltering" name="test_public_booking_strips_internal_fields" time="0.110" /><testcase classname="backend.tests.test_httponly_cookies_analytics.TestAnalyticsHeatmap" name="test_heatmap_returns_correct_structure" time="1.486" /><testcase classname="backend.tests.test_httponly_cookies_analytics.TestAnalyticsHeatmap" name="test_heatmap_with_year_month_params" time="1.536" /><testcase classname="backend.tests.test_httponly_cookies_analytics.TestAnalyticsTrends" name="test_trends_returns_12_months" time="1.946" /><testcase classname="backend.tests.test_httponly_cookies_analytics.TestAnalyticsTrends" name="test_trends_with_year_param" time="1.619" /><testcase classname="backend.tests.test_httponly_cookies_analytics.TestAnalyticsTopSchools" name="test_top_schools_returns_correct_structure" time="1.514" /><testcase classname="backend.tests.test_httponly_cookies_analytics.TestAnalyticsConversion" name="test_conversion_returns_correct_structure" time="1.624" /><testcase classname="backend.tests.test_httponly_cookies_analytics.TestRegressionLoginDashboard" name="test_login_still_works" time="0.998" /><testcase classname="backend.tests.test_httponly_cookies_analytics.TestRegressionLoginDashboard" name="test_dashboard_data_loads" time="2.440" /><testcase classname="backend.tests.test_httponly_cookies_analytics.TestRegressionWAF" name="test_waf_blocks_sql_injection" time="0.114" /><testcase classname="backend.tests.test_httponly_cookies_analytics.TestRegressionICSFeeds" name="test_ics_feed_requires_token" time="0.111" /></testsuite></testsuites>