<?xml version="1.0" encoding="utf-8"?><testsuites name="pytest tests"><testsuite name="pytest" errors="0" failures="0" skipped="0" tests="12" time="20.390" timestamp="2026-04-12T11:41:23.939280+00:00" hostname="agent-env-ea02239a-e029-4688-8ccf-c185f68cfa16"><testcase classname="tests.test_feedback_settings_and_scheduler.TestLoginAndAuth" name="test_login_success" time="3.324" /><testcase classname="tests.test_feedback_settings_and_scheduler.TestLoginAndAuth" name="test_auth_me_endpoint" time="1.428" /><testcase classname="tests.test_feedback_settings_and_scheduler.TestProgramFeedbackSettings" name="test_programs_list_returns_feedback_fields" time="1.533" /><testcase classname="tests.test_feedback_settings_and_scheduler.TestProgramFeedbackSettings" name="test_program_update_feedback_enabled_false" time="2.436" /><testcase classname="tests.test_feedback_settings_and_scheduler.TestProgramFeedbackSettings" name="test_program_update_with_custom_questions" time="2.211" /><testcase classname="tests.test_feedback_settings_and_scheduler.TestProgramFeedbackSettings" name="test_feedback_questions_max_5_limit" time="2.203" /><testcase classname="tests.test_feedback_settings_and_scheduler.TestPlanStatus" name="test_plan_status_returns_is_pro" time="1.401" /><testcase classname="tests.test_feedback_settings_and_scheduler.TestBookingsAndScheduler" name="test_bookings_list_loads" time="1.878" /><testcase classname="tests.test_feedback_settings_and_scheduler.TestBookingsAndScheduler" name="test_no_confirmed_reservations_with_past_dates" time="0.503" /><testcase classname="tests.test_feedback_settings_and_scheduler.TestBookingsAndScheduler" name="test_completed_reservations_exist" time="0.502" /><testcase classname="tests.test_feedback_settings_and_scheduler.TestOutlookSyncWindow" name="test_programs_have_max_days_before_booking" time="1.393" /><testcase classname="tests.test_feedback_settings_and_scheduler.TestMicrosoftCalendarStatus" name="test_microsoft_calendar_status_endpoint" time="1.511" /></testsuite></testsuites>