<?xml version="1.0" encoding="utf-8"?><testsuites name="pytest tests"><testsuite name="pytest" errors="0" failures="0" skipped="0" tests="21" time="9.453" timestamp="2026-02-17T16:52:38.761626+00:00" hostname="agent-env-1cdfa8d9-7c2b-4b47-864c-459f659172eb"><testcase classname="backend.tests.test_kulturabooking.TestAPIHealth" name="test_api_root" time="0.266" /><testcase classname="backend.tests.test_kulturabooking.TestRegistrationWizard" name="test_register_step1_basic_fields" time="0.352" /><testcase classname="backend.tests.test_kulturabooking.TestRegistrationWizard" name="test_register_step2_address_logo_colors" time="0.376" /><testcase classname="backend.tests.test_kulturabooking.TestRegistrationWizard" name="test_register_step3_schedule_time_blocks" time="0.428" /><testcase classname="backend.tests.test_kulturabooking.TestRegistrationWizard" name="test_register_step4_program_defaults" time="0.381" /><testcase classname="backend.tests.test_kulturabooking.TestRegistrationWizard" name="test_register_duplicate_email_rejected" time="0.494" /><testcase classname="backend.tests.test_kulturabooking.TestAuthentication" name="test_login_success" time="0.744" /><testcase classname="backend.tests.test_kulturabooking.TestAuthentication" name="test_login_invalid_credentials" time="0.153" /><testcase classname="backend.tests.test_kulturabooking.TestAuthentication" name="test_token_verification" time="0.516" /><testcase classname="backend.tests.test_kulturabooking.TestAuthentication" name="test_forgot_password" time="0.507" /><testcase classname="backend.tests.test_kulturabooking.TestProgramsCRUD" name="test_create_program_basic" time="0.483" /><testcase classname="backend.tests.test_kulturabooking.TestProgramsCRUD" name="test_create_program_with_figma_fields" time="0.505" /><testcase classname="backend.tests.test_kulturabooking.TestProgramsCRUD" name="test_get_programs_list" time="0.615" /><testcase classname="backend.tests.test_kulturabooking.TestProgramsCRUD" name="test_update_program_status" time="0.830" /><testcase classname="backend.tests.test_kulturabooking.TestProgramsCRUD" name="test_duplicate_program_flow" time="0.796" /><testcase classname="backend.tests.test_kulturabooking.TestProgramsCRUD" name="test_delete_program" time="0.757" /><testcase classname="backend.tests.test_kulturabooking.TestPublicEndpoints" name="test_public_programs_demo" time="0.142" /><testcase classname="backend.tests.test_kulturabooking.TestPublicEndpoints" name="test_public_theme_demo" time="0.175" /><testcase classname="backend.tests.test_kulturabooking.TestPublicEndpoints" name="test_program_availability" time="0.123" /><testcase classname="backend.tests.test_kulturabooking.TestPublicEndpoints" name="test_calendar_availability" time="0.137" /><testcase classname="backend.tests.test_kulturabooking.TestDashboard" name="test_dashboard_stats" time="0.538" /></testsuite></testsuites>