<?xml version="1.0" encoding="utf-8"?><testsuites name="pytest tests"><testsuite name="pytest" errors="0" failures="0" skipped="0" tests="24" time="40.133" timestamp="2026-03-20T21:09:44.164601+00:00" hostname="agent-env-315b53ad-f9d4-4327-95a6-7a4ca318397f"><testcase classname="backend.tests.test_feedback.TestFeedbackQuestions" name="test_get_questions_list" time="3.882" /><testcase classname="backend.tests.test_feedback.TestFeedbackQuestions" name="test_get_questions_include_inactive" time="1.558" /><testcase classname="backend.tests.test_feedback.TestFeedbackQuestions" name="test_create_question_rating_type" time="2.871" /><testcase classname="backend.tests.test_feedback.TestFeedbackQuestions" name="test_create_question_yesno_type" time="2.456" /><testcase classname="backend.tests.test_feedback.TestFeedbackQuestions" name="test_create_question_text_type" time="2.439" /><testcase classname="backend.tests.test_feedback.TestFeedbackQuestions" name="test_update_question" time="3.468" /><testcase classname="backend.tests.test_feedback.TestFeedbackQuestions" name="test_delete_question_soft_delete" time="2.893" /><testcase classname="backend.tests.test_feedback.TestFeedbackQuestions" name="test_update_nonexistent_question" time="1.432" /><testcase classname="backend.tests.test_feedback.TestFeedbackSubmissions" name="test_get_submissions_list" time="1.603" /><testcase classname="backend.tests.test_feedback.TestFeedbackSubmissions" name="test_get_submissions_with_status_filter" time="1.529" /><testcase classname="backend.tests.test_feedback.TestFeedbackSubmissions" name="test_get_submissions_with_pending_filter" time="1.432" /><testcase classname="backend.tests.test_feedback.TestFeedbackSubmissions" name="test_get_submissions_with_rating_filter" time="1.536" /><testcase classname="backend.tests.test_feedback.TestFeedbackSubmissions" name="test_get_submissions_with_pagination" time="1.445" /><testcase classname="backend.tests.test_feedback.TestFeedbackSubmissions" name="test_submissions_response_structure" time="1.429" /><testcase classname="backend.tests.test_feedback.TestFeedbackStatistics" name="test_get_statistics" time="2.493" /><testcase classname="backend.tests.test_feedback.TestFeedbackStatistics" name="test_statistics_by_rating_distribution" time="1.907" /><testcase classname="backend.tests.test_feedback.TestFeedbackStatistics" name="test_statistics_by_program" time="1.879" /><testcase classname="backend.tests.test_feedback.TestFeedbackExport" name="test_export_csv" time="1.539" /><testcase classname="backend.tests.test_feedback.TestFeedbackExport" name="test_export_csv_with_date_filter" time="1.537" /><testcase classname="backend.tests.test_feedback.TestFeedbackAuth" name="test_questions_requires_auth" time="0.167" /><testcase classname="backend.tests.test_feedback.TestFeedbackAuth" name="test_submissions_requires_auth" time="0.146" /><testcase classname="backend.tests.test_feedback.TestFeedbackAuth" name="test_statistics_requires_auth" time="0.120" /><testcase classname="backend.tests.test_feedback.TestFeedbackAuth" name="test_export_requires_auth" time="0.121" /><testcase classname="backend.tests.test_feedback.TestFeedbackAuth" name="test_create_question_requires_auth" time="0.159" /></testsuite></testsuites>