<?xml version="1.0" encoding="utf-8"?><testsuites name="pytest tests"><testsuite name="pytest" errors="0" failures="0" skipped="0" tests="19" time="37.334" timestamp="2026-03-21T22:34:58.391267+00:00" hostname="agent-env-94fc917f-f1ee-4e5a-868a-d3674ead2ec6"><testcase classname="backend.tests.test_schools_crm.TestSchoolsCRM" name="test_schools_list_returns_contacts_array" time="3.803" /><testcase classname="backend.tests.test_schools_crm.TestSchoolsCRM" name="test_schools_list_no_ico_field" time="1.415" /><testcase classname="backend.tests.test_schools_crm.TestSchoolsCRM" name="test_schools_list_has_required_fields" time="1.426" /><testcase classname="backend.tests.test_schools_crm.TestSchoolsCRM" name="test_filter_by_source_import" time="1.410" /><testcase classname="backend.tests.test_schools_crm.TestSchoolsCRM" name="test_filter_by_source_organic" time="1.536" /><testcase classname="backend.tests.test_schools_crm.TestSchoolsCRM" name="test_filter_by_source_reservation" time="1.552" /><testcase classname="backend.tests.test_schools_crm.TestSchoolsCRM" name="test_filter_by_source_all" time="1.968" /><testcase classname="backend.tests.test_schools_crm.TestSchoolsCRM" name="test_get_all_tags" time="1.421" /><testcase classname="backend.tests.test_schools_crm.TestSchoolsCRM" name="test_update_school_tags" time="2.952" /><testcase classname="backend.tests.test_schools_crm.TestSchoolsCRM" name="test_filter_by_tag" time="2.731" /><testcase classname="backend.tests.test_schools_crm.TestSchoolsCRM" name="test_add_contact_to_school" time="2.072" /><testcase classname="backend.tests.test_schools_crm.TestSchoolsCRM" name="test_update_contact_status_invalid" time="3.276" /><testcase classname="backend.tests.test_schools_crm.TestSchoolsCRM" name="test_update_contact_status_active" time="1.988" /><testcase classname="backend.tests.test_schools_crm.TestSchoolsCRM" name="test_import_template_download" time="1.200" /><testcase classname="backend.tests.test_schools_crm.TestSchoolsCRM" name="test_get_single_school" time="1.965" /><testcase classname="backend.tests.test_schools_crm.TestSchoolsCRM" name="test_get_nonexistent_school" time="1.317" /><testcase classname="backend.tests.test_schools_crm.TestSchoolsCRM" name="test_filter_has_invalid_contacts" time="1.417" /><testcase classname="backend.tests.test_schools_crm.TestContactsValidation" name="test_add_contact_invalid_email" time="1.854" /><testcase classname="backend.tests.test_schools_crm.TestContactsValidation" name="test_add_contact_duplicate_email" time="1.977" /></testsuite></testsuites>