<?xml version="1.0" encoding="utf-8"?><testsuites name="pytest tests"><testsuite name="pytest" errors="0" failures="0" skipped="0" tests="24" time="17.181" timestamp="2026-04-10T10:47:43.014338+00:00" hostname="agent-env-0173578d-9991-44c5-88f5-06c3fac46a41"><testcase classname="tests.test_security_hardening.TestRefreshTokenFlow" name="test_a1_login_returns_both_tokens" time="3.250" /><testcase classname="tests.test_security_hardening.TestRefreshTokenFlow" name="test_a2_access_token_expires_in_15_minutes" time="0.943" /><testcase classname="tests.test_security_hardening.TestRefreshTokenFlow" name="test_a3_refresh_returns_new_token_pair" time="2.338" /><testcase classname="tests.test_security_hardening.TestRefreshTokenFlow" name="test_a4_old_refresh_token_rejected" time="2.411" /><testcase classname="tests.test_security_hardening.TestRefreshTokenFlow" name="test_a5_logout_revokes_refresh_token" time="1.554" /><testcase classname="tests.test_security_hardening.TestRefreshTokenFlow" name="test_a6_refresh_after_logout_fails" time="1.805" /><testcase classname="tests.test_security_hardening.TestOAuthStatePersistence" name="test_b1_connect_endpoint_requires_auth" time="0.047" /><testcase classname="tests.test_security_hardening.TestOAuthStatePersistence" name="test_b1_connect_returns_auth_url" time="0.497" /><testcase classname="tests.test_security_hardening.TestOAuthStatePersistence" name="test_b1_status_endpoint_works" time="0.490" /><testcase classname="tests.test_security_hardening.TestWAFMiddleware" name="test_c1_waf_blocks_sql_injection_drop_table" time="0.048" /><testcase classname="tests.test_security_hardening.TestWAFMiddleware" name="test_c2_waf_blocks_union_select" time="0.054" /><testcase classname="tests.test_security_hardening.TestWAFMiddleware" name="test_c3_waf_blocks_xss_script_tag_query" time="0.045" /><testcase classname="tests.test_security_hardening.TestWAFMiddleware" name="test_c4_waf_blocks_xss_in_post_body" time="0.044" /><testcase classname="tests.test_security_hardening.TestWAFMiddleware" name="test_c5_waf_allows_legitimate_requests" time="0.497" /><testcase classname="tests.test_security_hardening.TestWAFMiddleware" name="test_c5_waf_allows_normal_contact_form" time="0.934" /><testcase classname="tests.test_security_hardening.TestWAFMiddleware" name="test_c6_waf_blocks_sleep_benchmark" time="0.094" /><testcase classname="tests.test_security_hardening.TestWAFMiddleware" name="test_c_waf_blocks_javascript_protocol" time="0.045" /><testcase classname="tests.test_security_hardening.TestWAFMiddleware" name="test_c_waf_blocks_event_handler_xss" time="0.043" /><testcase classname="tests.test_security_hardening.TestRegressionChecks" name="test_regression_admin_login_works" time="0.935" /><testcase classname="tests.test_security_hardening.TestRegressionChecks" name="test_regression_public_programs_endpoint" time="0.378" /><testcase classname="tests.test_security_hardening.TestRegressionChecks" name="test_regression_calendar_availability" time="0.495" /><testcase classname="tests.test_security_hardening.TestRegressionChecks" name="test_regression_health_endpoint" time="0.047" /><testcase classname="tests.test_security_hardening.TestRegressionChecks" name="test_regression_debug_endpoints_require_auth" time="0.046" /><testcase classname="tests.test_security_hardening.TestRegressionChecks" name="test_regression_ics_feeds_require_tokens" time="0.050" /></testsuite></testsuites>