<?xml version="1.0" encoding="utf-8"?><testsuites name="pytest tests"><testsuite name="pytest" errors="0" failures="0" skipped="0" tests="13" time="7.821" timestamp="2026-04-09T11:17:44.313881+00:00" hostname="agent-env-0173578d-9991-44c5-88f5-06c3fac46a41"><testcase classname="backend.tests.test_microsoft_calendar.TestMicrosoftCalendarStatus" name="test_status_returns_connected_false_when_no_integration" time="3.552" /><testcase classname="backend.tests.test_microsoft_calendar.TestMicrosoftCalendarConnect" name="test_connect_returns_auth_url" time="0.125" /><testcase classname="backend.tests.test_microsoft_calendar.TestMicrosoftCalendarDisconnect" name="test_disconnect_returns_success" time="0.763" /><testcase classname="backend.tests.test_microsoft_calendar.TestMicrosoftCalendarBlocks" name="test_blocks_returns_empty_array_when_no_blocks" time="0.547" /><testcase classname="backend.tests.test_microsoft_calendar.TestMicrosoftCalendarBlocks" name="test_blocks_accepts_query_params" time="0.541" /><testcase classname="backend.tests.test_microsoft_calendar.TestMicrosoftCalendarBlocks" name="test_blocks_accepts_user_id_param" time="0.566" /><testcase classname="backend.tests.test_microsoft_calendar.TestMicrosoftCalendarOverride" name="test_override_returns_404_for_nonexistent_block" time="0.552" /><testcase classname="backend.tests.test_microsoft_calendar.TestMicrosoftCalendarSync" name="test_sync_returns_404_when_not_connected" time="0.546" /><testcase classname="backend.tests.test_microsoft_calendar.TestMicrosoftCalendarAuthRequired" name="test_status_requires_auth" time="0.103" /><testcase classname="backend.tests.test_microsoft_calendar.TestMicrosoftCalendarAuthRequired" name="test_connect_requires_auth" time="0.118" /><testcase classname="backend.tests.test_microsoft_calendar.TestMicrosoftCalendarAuthRequired" name="test_disconnect_requires_auth" time="0.103" /><testcase classname="backend.tests.test_microsoft_calendar.TestMicrosoftCalendarAuthRequired" name="test_blocks_requires_auth" time="0.099" /><testcase classname="backend.tests.test_microsoft_calendar.TestMicrosoftCalendarAuthRequired" name="test_sync_requires_auth" time="0.143" /></testsuite></testsuites>