<?xml version="1.0" encoding="utf-8"?><testsuites name="pytest tests"><testsuite name="pytest" errors="0" failures="0" skipped="0" tests="15" time="23.170" timestamp="2026-03-25T11:16:38.108500+00:00" hostname="agent-env-4f9a69c8-d685-48be-8f57-804dc6c8dc00"><testcase classname="tests.test_collision_feature.TestTimeBlockParser" name="test_parse_time_block_hhmm_format" time="0.244" /><testcase classname="tests.test_collision_feature.TestTimeBlockParser" name="test_parse_time_block_range_format" time="0.000" /><testcase classname="tests.test_collision_feature.TestTimeBlockParser" name="test_parse_time_block_invalid" time="0.000" /><testcase classname="tests.test_collision_feature.TestTimeBlockParser" name="test_time_blocks_overlap_true" time="0.000" /><testcase classname="tests.test_collision_feature.TestTimeBlockParser" name="test_time_blocks_overlap_false" time="0.000" /><testcase classname="tests.test_collision_feature.TestTimeBlockParser" name="test_time_blocks_overlap_range_format" time="0.000" /><testcase classname="tests.test_collision_feature.TestProgramCollisionFields" name="test_get_programs_returns_collision_fields" time="3.845" /><testcase classname="tests.test_collision_feature.TestProgramCollisionFields" name="test_get_single_program_returns_collision_fields" time="1.007" /><testcase classname="tests.test_collision_feature.TestProgramCollisionUpdate" name="test_update_allow_parallel_true" time="3.213" /><testcase classname="tests.test_collision_feature.TestProgramCollisionUpdate" name="test_update_allow_parallel_false" time="1.653" /><testcase classname="tests.test_collision_feature.TestProgramCollisionUpdate" name="test_update_blocked_program_ids" time="3.025" /><testcase classname="tests.test_collision_feature.TestBookingCollisionDetection" name="test_booking_collision_409_for_non_parallel_program" time="4.359" /><testcase classname="tests.test_collision_feature.TestAvailabilityCollision" name="test_availability_endpoint_exists" time="2.699" /><testcase classname="tests.test_collision_feature.TestAvailabilityCollision" name="test_availability_shows_booked_status" time="1.140" /><testcase classname="tests.test_collision_feature.TestPublicProgramsCollisionFields" name="test_public_programs_returns_collision_fields" time="1.897" /></testsuite></testsuites>