<?xml version="1.0" encoding="utf-8"?><testsuites name="pytest tests"><testsuite name="pytest" errors="0" failures="0" skipped="0" tests="18" time="52.090" timestamp="2026-04-09T10:45:52.955481+00:00" hostname="agent-env-0173578d-9991-44c5-88f5-06c3fac46a41"><testcase classname="backend.tests.test_rooms_and_lecturer_collision.TestRoomsCRUD" name="test_create_room" time="5.458" /><testcase classname="backend.tests.test_rooms_and_lecturer_collision.TestRoomsCRUD" name="test_create_room_without_capacity" time="1.791" /><testcase classname="backend.tests.test_rooms_and_lecturer_collision.TestRoomsCRUD" name="test_list_rooms" time="2.548" /><testcase classname="backend.tests.test_rooms_and_lecturer_collision.TestRoomsCRUD" name="test_update_room" time="2.956" /><testcase classname="backend.tests.test_rooms_and_lecturer_collision.TestRoomsCRUD" name="test_delete_room" time="2.219" /><testcase classname="backend.tests.test_rooms_and_lecturer_collision.TestRoomsCRUD" name="test_delete_nonexistent_room_returns_404" time="0.432" /><testcase classname="backend.tests.test_rooms_and_lecturer_collision.TestLecturerCollisionOnAssign" name="test_assign_lecturer_endpoint_exists" time="3.680" /><testcase classname="backend.tests.test_rooms_and_lecturer_collision.TestLecturerCollisionOnAssign" name="test_admin_assign_lecturer_endpoint_exists" time="2.306" /><testcase classname="backend.tests.test_rooms_and_lecturer_collision.TestLecturerCollisionOnAssign" name="test_lecturer_collision_returns_409" time="9.658" /><testcase classname="backend.tests.test_rooms_and_lecturer_collision.TestRoomCollision" name="test_program_has_room_id_field" time="1.326" /><testcase classname="backend.tests.test_rooms_and_lecturer_collision.TestRoomCollision" name="test_update_program_with_room_id" time="4.295" /><testcase classname="backend.tests.test_rooms_and_lecturer_collision.TestRoomCollision" name="test_room_collision_detection" time="9.346" /><testcase classname="backend.tests.test_rooms_and_lecturer_collision.TestAdvisoryLock" name="test_advisory_lock_key_generation" time="0.241" /><testcase classname="backend.tests.test_rooms_and_lecturer_collision.TestAdvisoryLock" name="test_collision_service_uses_advisory_lock" time="0.003" /><testcase classname="backend.tests.test_rooms_and_lecturer_collision.TestAdvisoryLock" name="test_check_lecturer_collision_for_assignment_exists" time="0.000" /><testcase classname="backend.tests.test_rooms_and_lecturer_collision.TestAdvisoryLock" name="test_time_blocks_overlap_function" time="0.000" /><testcase classname="backend.tests.test_rooms_and_lecturer_collision.TestCollisionServiceIntegration" name="test_booking_with_collision_resources_lecturer" time="3.276" /><testcase classname="backend.tests.test_rooms_and_lecturer_collision.TestCollisionServiceIntegration" name="test_booking_with_collision_resources_room" time="2.466" /></testsuite></testsuites>