<?xml version="1.0" encoding="utf-8"?><testsuites name="pytest tests"><testsuite name="pytest" errors="0" failures="0" skipped="0" tests="14" time="30.712" timestamp="2026-04-10T11:49:37.298575+00:00" hostname="agent-env-0173578d-9991-44c5-88f5-06c3fac46a41"><testcase classname="backend.tests.test_logo_upload.TestLogoUpload" name="test_01_upload_logo_requires_auth" time="3.340" /><testcase classname="backend.tests.test_logo_upload.TestLogoUpload" name="test_02_upload_valid_png" time="3.204" /><testcase classname="backend.tests.test_logo_upload.TestLogoUpload" name="test_03_upload_valid_jpeg" time="2.440" /><testcase classname="backend.tests.test_logo_upload.TestLogoUpload" name="test_04_upload_valid_svg" time="2.409" /><testcase classname="backend.tests.test_logo_upload.TestLogoUpload" name="test_05_upload_valid_webp" time="2.538" /><testcase classname="backend.tests.test_logo_upload.TestLogoUpload" name="test_06_reject_invalid_file_type_txt" time="1.201" /><testcase classname="backend.tests.test_logo_upload.TestLogoUpload" name="test_07_reject_invalid_file_type_pdf" time="1.177" /><testcase classname="backend.tests.test_logo_upload.TestLogoUpload" name="test_08_reject_file_too_large" time="1.266" /><testcase classname="backend.tests.test_logo_upload.TestLogoUpload" name="test_09_serve_logo_public" time="2.621" /><testcase classname="backend.tests.test_logo_upload.TestLogoUpload" name="test_10_serve_nonexistent_logo_returns_404" time="1.847" /><testcase classname="backend.tests.test_logo_upload.TestLogoUpload" name="test_11_logo_url_saved_to_institution" time="2.836" /><testcase classname="backend.tests.test_logo_upload.TestLogoUpload" name="test_12_logo_url_saved_to_theme" time="2.792" /><testcase classname="backend.tests.test_logo_upload.TestRegressionAuth" name="test_login_with_refresh_token" time="0.988" /><testcase classname="backend.tests.test_logo_upload.TestRegressionAuth" name="test_admin_dashboard_loads" time="1.984" /></testsuite></testsuites>