<?xml version="1.0" encoding="utf-8"?><testsuites name="pytest tests"><testsuite name="pytest" errors="0" failures="0" skipped="0" tests="26" time="13.446" timestamp="2026-04-09T20:08:40.721580+00:00" hostname="agent-env-0173578d-9991-44c5-88f5-06c3fac46a41"><testcase classname="tests.test_security_audit.TestDebugEndpointsSecurity" name="test_emails_debug_requires_auth" time="0.237" /><testcase classname="tests.test_security_audit.TestDebugEndpointsSecurity" name="test_emails_debug_with_auth_no_raw_keys" time="3.173" /><testcase classname="tests.test_security_audit.TestDebugEndpointsSecurity" name="test_programs_debug_requires_auth" time="0.120" /><testcase classname="tests.test_security_audit.TestDebugEndpointsSecurity" name="test_programs_debug_with_auth_works" time="0.574" /><testcase classname="tests.test_security_audit.TestDebugEndpointsSecurity" name="test_programs_debug_wrong_institution_forbidden" time="0.115" /><testcase classname="tests.test_security_audit.TestICSCalendarFeedSecurity" name="test_institution_ics_requires_token" time="0.138" /><testcase classname="tests.test_security_audit.TestICSCalendarFeedSecurity" name="test_institution_ics_invalid_token" time="0.118" /><testcase classname="tests.test_security_audit.TestICSCalendarFeedSecurity" name="test_program_ics_requires_token" time="0.116" /><testcase classname="tests.test_security_audit.TestICSCalendarFeedSecurity" name="test_reservation_ics_requires_token" time="0.158" /><testcase classname="tests.test_security_audit.TestICSCalendarFeedSecurity" name="test_feed_token_endpoint_requires_auth" time="0.131" /><testcase classname="tests.test_security_audit.TestICSCalendarFeedSecurity" name="test_feed_token_endpoint_with_auth" time="0.117" /><testcase classname="tests.test_security_audit.TestICSCalendarFeedSecurity" name="test_public_feed_token_for_reservation_no_auth" time="0.120" /><testcase classname="tests.test_security_audit.TestICSCalendarFeedSecurity" name="test_ics_feed_with_valid_token" time="1.188" /><testcase classname="tests.test_security_audit.TestPublicProgramsFieldFiltering" name="test_public_programs_no_sensitive_fields" time="0.579" /><testcase classname="tests.test_security_audit.TestPublicProgramsFieldFiltering" name="test_public_programs_has_allowed_fields" time="0.443" /><testcase classname="tests.test_security_audit.TestSwaggerDocsConditional" name="test_docs_available_in_preview" time="0.367" /><testcase classname="tests.test_security_audit.TestRateLimiting" name="test_contact_form_rate_limit" time="1.331" /><testcase classname="tests.test_security_audit.TestRateLimiting" name="test_public_stats_rate_limit" time="0.776" /><testcase classname="tests.test_security_audit.TestRateLimiting" name="test_public_booking_rate_limit" time="0.120" /><testcase classname="tests.test_security_audit.TestRateLimiting" name="test_public_programs_rate_limit" time="0.455" /><testcase classname="tests.test_security_audit.TestHSTSHeader" name="test_hsts_header_present" time="0.263" /><testcase classname="tests.test_security_audit.TestExistingFunctionality" name="test_calendar_availability_works" time="0.572" /><testcase classname="tests.test_security_audit.TestExistingFunctionality" name="test_public_booking_creation_works" time="0.175" /><testcase classname="tests.test_security_audit.TestExistingFunctionality" name="test_admin_login_works" time="0.896" /><testcase classname="tests.test_security_audit.TestExistingFunctionality" name="test_bookings_list_with_auth" time="0.963" /><testcase classname="tests.test_security_audit.TestExistingFunctionality" name="test_health_endpoint" time="0.114" /></testsuite></testsuites>