<?xml version="1.0" encoding="utf-8"?><testsuites name="pytest tests"><testsuite name="pytest" errors="0" failures="0" skipped="0" tests="18" time="34.099" timestamp="2026-04-13T19:49:18.655556+00:00" hostname="agent-env-55733c89-55d3-4b11-a669-31cf23511245"><testcase classname="backend.tests.test_events_module.TestFeatureFlag" name="test_check_access_requires_auth" time="0.278" /><testcase classname="backend.tests.test_events_module.TestFeatureFlag" name="test_check_access_returns_enabled_for_demo" time="3.693" /><testcase classname="backend.tests.test_events_module.TestEventsCRUD" name="test_list_events" time="1.051" /><testcase classname="backend.tests.test_events_module.TestEventsCRUD" name="test_create_event" time="1.990" /><testcase classname="backend.tests.test_events_module.TestEventsCRUD" name="test_get_event" time="0.712" /><testcase classname="backend.tests.test_events_module.TestEventsCRUD" name="test_update_event" time="1.763" /><testcase classname="backend.tests.test_events_module.TestEventsCRUD" name="test_delete_event" time="2.683" /><testcase classname="backend.tests.test_events_module.TestEventDates" name="test_add_event_date" time="2.708" /><testcase classname="backend.tests.test_events_module.TestEventDates" name="test_remove_event_date" time="2.255" /><testcase classname="backend.tests.test_events_module.TestPublicEndpoints" name="test_public_events_list" time="1.166" /><testcase classname="backend.tests.test_events_module.TestPublicEndpoints" name="test_public_event_detail" time="1.863" /><testcase classname="backend.tests.test_events_module.TestPublicEndpoints" name="test_public_events_404_for_invalid_institution" time="0.454" /><testcase classname="backend.tests.test_events_module.TestApplicationSubmission" name="test_submit_application" time="4.199" /><testcase classname="backend.tests.test_events_module.TestPaymentSettings" name="test_get_payment_settings" time="0.489" /><testcase classname="backend.tests.test_events_module.TestPaymentSettings" name="test_update_payment_settings" time="2.594" /><testcase classname="backend.tests.test_events_module.TestApplicationManagement" name="test_list_applications" time="1.355" /><testcase classname="backend.tests.test_events_module.TestApplicationManagement" name="test_update_application_status" time="4.295" /><testcase classname="backend.tests.test_events_module.TestFeatureFlagIsolation" name="test_non_whitelisted_institution_blocked" time="0.462" /></testsuite></testsuites>