<?xml version="1.0" encoding="utf-8"?><testsuites name="pytest tests"><testsuite name="pytest" errors="0" failures="0" skipped="0" tests="9" time="7.875" timestamp="2026-03-26T06:31:46.684131+00:00" hostname="agent-env-b3ad8444-c998-4fb5-9086-8cbf9d13ce9e"><testcase classname="tests.test_vop_gdpr_scheduler.TestVopApi" name="test_vop_endpoint_returns_200" time="0.138" /><testcase classname="tests.test_vop_gdpr_scheduler.TestVopApi" name="test_vop_has_title" time="0.099" /><testcase classname="tests.test_vop_gdpr_scheduler.TestVopApi" name="test_vop_has_version" time="0.105" /><testcase classname="tests.test_vop_gdpr_scheduler.TestVopApi" name="test_vop_has_15_sections" time="0.094" /><testcase classname="tests.test_vop_gdpr_scheduler.TestVopApi" name="test_vop_section_structure" time="0.099" /><testcase classname="tests.test_vop_gdpr_scheduler.TestVopApi" name="test_vop_section_titles" time="0.093" /><testcase classname="tests.test_vop_gdpr_scheduler.TestGdprSettings" name="test_gdpr_settings_save_and_read" time="3.545" /><testcase classname="tests.test_vop_gdpr_scheduler.TestGdprSettings" name="test_gdpr_retention_values" time="2.641" /><testcase classname="tests.test_vop_gdpr_scheduler.TestSchedulerRegistration" name="test_scheduler_jobs_endpoint" time="1.008" /></testsuite></testsuites>