<?xml version="1.0" encoding="utf-8"?><testsuites name="pytest tests"><testsuite name="pytest" errors="0" failures="0" skipped="0" tests="16" time="8.765" timestamp="2026-04-08T10:29:33.326155+00:00" hostname="agent-env-0173578d-9991-44c5-88f5-06c3fac46a41"><testcase classname="backend.tests.test_program_filters.TestPublicProgramsAPI" name="test_get_all_programs_no_filter" time="0.465" /><testcase classname="backend.tests.test_program_filters.TestPublicProgramsAPI" name="test_filter_by_age_MS" time="0.445" /><testcase classname="backend.tests.test_program_filters.TestPublicProgramsAPI" name="test_filter_by_age_ZS1" time="0.453" /><testcase classname="backend.tests.test_program_filters.TestPublicProgramsAPI" name="test_filter_by_multiple_ages_ZS1_ZS2" time="0.441" /><testcase classname="backend.tests.test_program_filters.TestPublicProgramsAPI" name="test_filter_by_duration_short" time="0.444" /><testcase classname="backend.tests.test_program_filters.TestPublicProgramsAPI" name="test_filter_by_duration_medium" time="0.439" /><testcase classname="backend.tests.test_program_filters.TestPublicProgramsAPI" name="test_filter_by_duration_long" time="0.452" /><testcase classname="backend.tests.test_program_filters.TestPublicProgramsAPI" name="test_combined_age_and_duration_filter" time="0.434" /><testcase classname="backend.tests.test_program_filters.TestPublicProgramsAPI" name="test_filter_returns_empty_for_nonexistent_age" time="0.437" /><testcase classname="backend.tests.test_program_filters.TestAuditLogAPI" name="test_audit_log_requires_auth" time="0.098" /><testcase classname="backend.tests.test_program_filters.TestAuditLogAPI" name="test_audit_log_returns_paginated_data" time="1.483" /><testcase classname="backend.tests.test_program_filters.TestAuditLogAPI" name="test_audit_log_filter_by_entity_type" time="0.759" /><testcase classname="backend.tests.test_program_filters.TestAuditLogAPI" name="test_audit_log_pagination" time="0.538" /><testcase classname="backend.tests.test_program_filters.TestAdminProgramsAPI" name="test_get_programs_authenticated" time="0.446" /><testcase classname="backend.tests.test_program_filters.TestAdminProgramsAPI" name="test_get_auth_me_returns_institution_id" time="0.431" /><testcase classname="backend.tests.test_program_filters.TestAdminProgramsAPI" name="test_get_program_external_url" time="0.931" /></testsuite></testsuites>