<?xml version="1.0" encoding="utf-8"?><testsuites name="pytest tests"><testsuite name="pytest" errors="0" failures="0" skipped="0" tests="11" time="12.500" timestamp="2026-03-21T12:57:31.081540+00:00" hostname="agent-env-23cb30bc-f9aa-463e-a0f2-8c9bcb86fa6e"><testcase classname="tests.test_invitations.TestInvitationAuth" name="test_send_invitation_requires_auth" time="0.125" /><testcase classname="tests.test_invitations.TestInvitationAuth" name="test_pending_invitations_requires_auth" time="0.099" /><testcase classname="tests.test_invitations.TestInvitationAuth" name="test_cancel_invitation_requires_auth" time="0.104" /><testcase classname="tests.test_invitations.TestSendInvitation" name="test_send_invitation_success" time="4.174" /><testcase classname="tests.test_invitations.TestSendInvitation" name="test_send_invitation_invalid_role" time="0.540" /><testcase classname="tests.test_invitations.TestSendInvitation" name="test_send_invitation_valid_roles" time="3.933" /><testcase classname="tests.test_invitations.TestPendingInvitations" name="test_get_pending_invitations" time="0.567" /><testcase classname="tests.test_invitations.TestVerifyInvitation" name="test_verify_invalid_token" time="0.539" /><testcase classname="tests.test_invitations.TestAcceptInvitation" name="test_accept_invalid_token" time="0.442" /><testcase classname="tests.test_invitations.TestCancelInvitation" name="test_cancel_nonexistent_invitation" time="0.547" /><testcase classname="tests.test_invitations.TestCompleteInvitationFlow" name="test_complete_flow" time="1.368" /></testsuite></testsuites>