<?xml version="1.0" encoding="utf-8"?><testsuites name="pytest tests"><testsuite name="pytest" errors="0" failures="0" skipped="0" tests="20" time="15.009" timestamp="2026-03-03T12:05:08.334980+00:00" hostname="agent-env-908b20ac-f866-48c6-97b4-49325e76d782"><testcase classname="tests.test_email_templates.TestEmailConfigStatus" name="test_get_email_config_status_returns_200" time="3.178" /><testcase classname="tests.test_email_templates.TestEmailConfigStatus" name="test_email_config_status_returns_configured_flag" time="0.053" /><testcase classname="tests.test_email_templates.TestEmailConfigStatus" name="test_email_config_status_returns_available_variables" time="0.063" /><testcase classname="tests.test_email_templates.TestEmailTemplateGet" name="test_get_email_template_returns_200" time="0.729" /><testcase classname="tests.test_email_templates.TestEmailTemplateGet" name="test_get_email_template_returns_template_data" time="0.498" /><testcase classname="tests.test_email_templates.TestEmailTemplateGet" name="test_get_email_template_returns_available_variables" time="0.503" /><testcase classname="tests.test_email_templates.TestEmailTemplateGet" name="test_get_email_template_returns_email_service_configured" time="0.496" /><testcase classname="tests.test_email_templates.TestEmailTemplateGet" name="test_get_email_template_404_for_invalid_program" time="0.385" /><testcase classname="tests.test_email_templates.TestEmailTemplatePut" name="test_put_email_template_saves_successfully" time="1.072" /><testcase classname="tests.test_email_templates.TestEmailTemplatePut" name="test_put_email_template_returns_saved_template" time="0.947" /><testcase classname="tests.test_email_templates.TestEmailTemplatePut" name="test_put_email_template_includes_message" time="0.953" /><testcase classname="tests.test_email_templates.TestEmailTemplatePut" name="test_put_email_template_rejects_unknown_variables" time="0.390" /><testcase classname="tests.test_email_templates.TestEmailTemplatePut" name="test_put_email_template_404_for_invalid_program" time="0.383" /><testcase classname="tests.test_email_templates.TestEmailTemplatePreview" name="test_preview_returns_200" time="0.498" /><testcase classname="tests.test_email_templates.TestEmailTemplatePreview" name="test_preview_returns_rendered_template" time="0.500" /><testcase classname="tests.test_email_templates.TestEmailTemplatePreview" name="test_preview_returns_sample_data" time="0.500" /><testcase classname="tests.test_email_templates.TestEmailTemplatePreview" name="test_preview_uses_program_data" time="0.507" /><testcase classname="tests.test_email_templates.TestEmailTemplatePreview" name="test_preview_404_for_invalid_program" time="0.385" /><testcase classname="tests.test_email_templates.TestEmailTemplateIntegration" name="test_save_and_retrieve_template" time="1.446" /><testcase classname="tests.test_email_templates.TestEmailTemplateIntegration" name="test_preview_matches_saved_template" time="1.456" /></testsuite></testsuites>