<?xml version="1.0" encoding="utf-8"?><testsuites name="pytest tests"><testsuite name="pytest" errors="0" failures="0" skipped="0" tests="18" time="43.444" timestamp="2026-04-19T11:48:56.571394+00:00" hostname="agent-env-55733c89-55d3-4b11-a669-31cf23511245"><testcase classname="backend.tests.test_superadmin_billing.TestSuperadminAuth" name="test_superadmin_overview_requires_auth" time="0.263" /><testcase classname="backend.tests.test_superadmin_billing.TestSuperadminAuth" name="test_superadmin_overview_success" time="5.182" /><testcase classname="backend.tests.test_superadmin_billing.TestSuperadminInstitutions" name="test_list_institutions" time="6.488" /><testcase classname="backend.tests.test_superadmin_billing.TestSuperadminInstitutions" name="test_list_institutions_filter_by_plan" time="3.640" /><testcase classname="backend.tests.test_superadmin_billing.TestSuperadminInstitutions" name="test_get_institution_detail" time="2.117" /><testcase classname="backend.tests.test_superadmin_billing.TestSuperadminInstitutions" name="test_get_institution_detail_not_found" time="0.387" /><testcase classname="backend.tests.test_superadmin_billing.TestSuperadminPlanChange" name="test_change_plan_success" time="5.004" /><testcase classname="backend.tests.test_superadmin_billing.TestSuperadminPlanChange" name="test_change_plan_invalid_plan" time="0.048" /><testcase classname="backend.tests.test_superadmin_billing.TestBillingOrders" name="test_list_billing_orders" time="1.514" /><testcase classname="backend.tests.test_superadmin_billing.TestBillingOrders" name="test_list_billing_orders_filter_by_status" time="0.493" /><testcase classname="backend.tests.test_superadmin_billing.TestPlanRequestAndBillingFlow" name="test_plan_request_creates_billing_order" time="3.331" /><testcase classname="backend.tests.test_superadmin_billing.TestPlanRequestAndBillingFlow" name="test_confirm_billing_order_activates_plan" time="3.657" /><testcase classname="backend.tests.test_superadmin_billing.TestPlanRequestAndBillingFlow" name="test_confirm_order_idempotent" time="2.324" /><testcase classname="backend.tests.test_superadmin_billing.TestPlanRequestAndBillingFlow" name="test_cancel_pending_order" time="2.764" /><testcase classname="backend.tests.test_superadmin_billing.TestPlanRequestAndBillingFlow" name="test_cancel_non_pending_order_fails" time="2.328" /><testcase classname="backend.tests.test_superadmin_billing.TestPlanStatus" name="test_plan_status_includes_activated_at" time="1.951" /><testcase classname="backend.tests.test_superadmin_billing.TestNonSuperadminAccess" name="test_non_superadmin_gets_403" time="0.325" /><testcase classname="backend.tests.test_superadmin_billing.TestCleanup" name="test_restore_demo_institution_plan" time="1.516" /></testsuite></testsuites>