<?xml version="1.0" encoding="utf-8"?><testsuites name="pytest tests"><testsuite name="pytest" errors="0" failures="0" skipped="0" tests="15" time="14.817" timestamp="2026-04-08T11:17:19.494223+00:00" hostname="agent-env-0173578d-9991-44c5-88f5-06c3fac46a41"><testcase classname="tests.test_calendar_export.TestInstitutionICSFeed" name="test_institution_ics_returns_valid_ics" time="3.142" /><testcase classname="tests.test_calendar_export.TestInstitutionICSFeed" name="test_institution_ics_contains_vevent" time="0.685" /><testcase classname="tests.test_calendar_export.TestInstitutionICSFeed" name="test_institution_ics_has_correct_timezone" time="0.673" /><testcase classname="tests.test_calendar_export.TestInstitutionICSFeed" name="test_institution_ics_vevent_has_required_fields" time="0.706" /><testcase classname="tests.test_calendar_export.TestInstitutionICSFeed" name="test_institution_ics_with_status_filter" time="0.807" /><testcase classname="tests.test_calendar_export.TestInstitutionICSFeed" name="test_institution_ics_nonexistent_returns_404" time="0.434" /><testcase classname="tests.test_calendar_export.TestProgramICSFeed" name="test_program_ics_returns_valid_ics" time="2.470" /><testcase classname="tests.test_calendar_export.TestProgramICSFeed" name="test_program_ics_nonexistent_returns_404" time="0.470" /><testcase classname="tests.test_calendar_export.TestReservationICSDownload" name="test_reservation_ics_returns_valid_ics" time="1.563" /><testcase classname="tests.test_calendar_export.TestReservationICSDownload" name="test_reservation_ics_has_correct_uid" time="0.678" /><testcase classname="tests.test_calendar_export.TestReservationICSDownload" name="test_reservation_ics_has_description_and_location" time="0.660" /><testcase classname="tests.test_calendar_export.TestReservationICSDownload" name="test_reservation_ics_nonexistent_returns_404" time="0.449" /><testcase classname="tests.test_calendar_export.TestICSContentValidation" name="test_ics_dtstart_dtend_format" time="0.675" /><testcase classname="tests.test_calendar_export.TestICSContentValidation" name="test_ics_status_mapping" time="0.670" /><testcase classname="tests.test_calendar_export.TestICSContentValidation" name="test_ics_calname_set" time="0.668" /></testsuite></testsuites>