<?xml version="1.0" encoding="utf-8"?><testsuites name="pytest tests"><testsuite name="pytest" errors="0" failures="0" skipped="0" tests="11" time="14.044" timestamp="2026-04-10T22:29:52.117984+00:00" hostname="agent-env-ea02239a-e029-4688-8ccf-c185f68cfa16"><testcase classname="backend.tests.test_oneoff_availability_bugfix.TestLoginWithCookies" name="test_login_returns_token_and_cookies" time="3.288" /><testcase classname="backend.tests.test_oneoff_availability_bugfix.TestOneOffAvailabilityBugFix" name="test_availability_endpoint_works" time="3.035" /><testcase classname="backend.tests.test_oneoff_availability_bugfix.TestOneOffAvailabilityBugFix" name="test_lecturer_availability_week_view" time="0.951" /><testcase classname="backend.tests.test_oneoff_availability_bugfix.TestOneOffAvailabilityBugFix" name="test_create_oneoff_availability_block" time="1.673" /><testcase classname="backend.tests.test_oneoff_availability_bugfix.TestOneOffAvailabilityBugFix" name="test_lecturer_check_endpoint" time="0.610" /><testcase classname="backend.tests.test_oneoff_availability_bugfix.TestRecurringAvailabilityBlocks" name="test_get_recurring_availability" time="0.505" /><testcase classname="backend.tests.test_oneoff_availability_bugfix.TestRecurringAvailabilityBlocks" name="test_get_time_off_blocks" time="0.509" /><testcase classname="backend.tests.test_oneoff_availability_bugfix.TestAvailabilityFiltering" name="test_availability_respects_program_available_days" time="0.615" /><testcase classname="backend.tests.test_oneoff_availability_bugfix.TestAvailabilityFiltering" name="test_availability_returns_blocks_for_weekday" time="1.727" /><testcase classname="backend.tests.test_oneoff_availability_bugfix.TestCalendarEndpoint" name="test_calendar_month_availability" time="0.442" /><testcase classname="backend.tests.test_oneoff_availability_bugfix.TestAdminAvailabilityPage" name="test_admin_availability_page_loads" time="0.613" /></testsuite></testsuites>