<?xml version="1.0" encoding="utf-8"?><testsuites name="pytest tests"><testsuite name="pytest" errors="0" failures="0" skipped="0" tests="17" time="30.670" timestamp="2026-04-14T20:11:41.448332+00:00" hostname="agent-env-55733c89-55d3-4b11-a669-31cf23511245"><testcase classname="tests.test_unified_availability.TestProgramSlotsAPI" name="test_get_program_slots_returns_200" time="3.126" /><testcase classname="tests.test_unified_availability.TestProgramSlotsAPI" name="test_program_slots_have_required_fields" time="1.980" /><testcase classname="tests.test_unified_availability.TestProgramSlotsAPI" name="test_program_slots_valid_status_values" time="2.010" /><testcase classname="tests.test_unified_availability.TestProgramSlotsAPI" name="test_program_slots_weekday_returns_slots" time="1.975" /><testcase classname="tests.test_unified_availability.TestProgramSlotsAPI" name="test_program_slots_invalid_program_returns_empty" time="0.415" /><testcase classname="tests.test_unified_availability.TestLecturerSlotsAPI" name="test_get_lecturer_slots_returns_200" time="1.023" /><testcase classname="tests.test_unified_availability.TestExceptionsAPI" name="test_list_exceptions_returns_200" time="0.510" /><testcase classname="tests.test_unified_availability.TestExceptionsAPI" name="test_list_exceptions_with_filters" time="0.505" /><testcase classname="tests.test_unified_availability.TestExceptionsAPI" name="test_create_exception_returns_created" time="0.728" /><testcase classname="tests.test_unified_availability.TestExceptionsAPI" name="test_create_exception_invalid_scope_type" time="0.050" /><testcase classname="tests.test_unified_availability.TestExceptionsAPI" name="test_delete_exception_returns_success" time="1.740" /><testcase classname="tests.test_unified_availability.TestExceptionsAPI" name="test_delete_nonexistent_exception_returns_404" time="0.387" /><testcase classname="tests.test_unified_availability.TestExceptionBlocksSlot" name="test_exception_changes_slot_to_blocked" time="3.762" /><testcase classname="tests.test_unified_availability.TestExceptionBlocksSlot" name="test_removing_exception_restores_slot" time="4.618" /><testcase classname="tests.test_unified_availability.TestCollisionServiceExceptionIntegration" name="test_booking_blocked_when_program_has_exception" time="3.275" /><testcase classname="tests.test_unified_availability.TestProgramPersonalToggle" name="test_program_view_uses_program_endpoint" time="2.042" /><testcase classname="tests.test_unified_availability.TestProgramPersonalToggle" name="test_personal_view_uses_lecturer_endpoint" time="2.460" /></testsuite></testsuites>