<?xml version="1.0" encoding="utf-8"?><testsuites name="pytest tests"><testsuite name="pytest" errors="0" failures="0" skipped="0" tests="14" time="11.657" timestamp="2026-03-14T21:09:19.473911+00:00" hostname="agent-env-b5e643fa-c5c6-4934-bac6-0b378a05760b"><testcase classname="tests.test_email_system.TestEmailConfigEndpoints" name="test_get_email_config" time="0.153" /><testcase classname="tests.test_email_system.TestEmailConfigEndpoints" name="test_get_email_templates" time="0.103" /><testcase classname="tests.test_email_system.TestEmailConfigEndpoints" name="test_get_template_variables" time="0.099" /><testcase classname="tests.test_email_system.TestTemplatePreviewEndpoints" name="test_get_template_preview_password_reset" time="0.110" /><testcase classname="tests.test_email_system.TestTemplatePreviewEndpoints" name="test_get_template_preview_reservation_confirmed" time="0.106" /><testcase classname="tests.test_email_system.TestTemplatePreviewEndpoints" name="test_get_template_preview_404" time="0.134" /><testcase classname="tests.test_email_system.TestAuthenticatedEndpoints" name="test_get_email_logs" time="3.555" /><testcase classname="tests.test_email_system.TestAuthenticatedEndpoints" name="test_send_test_email" time="2.270" /><testcase classname="tests.test_email_system.TestAuthenticatedEndpoints" name="test_send_test_email_invalid_type" time="0.997" /><testcase classname="tests.test_email_system.TestAccountEndpoints" name="test_get_account_status" time="1.790" /><testcase classname="tests.test_email_system.TestAccountEndpoints" name="test_delete_account_wrong_confirmation" time="1.057" /><testcase classname="tests.test_email_system.TestAccountEndpoints" name="test_delete_account_requires_auth" time="0.993" /><testcase classname="tests.test_email_system.TestEmailServiceIntegration" name="test_email_service_configured" time="0.105" /><testcase classname="tests.test_email_system.TestEmailServiceIntegration" name="test_sender_addresses_configured" time="0.104" /></testsuite></testsuites>